2024-09-28 03:05:30,994 [Worker-8: Loading available Gradle versions] INFO  o.e.b.c.i.u.g.PublishedGradleVersions - Gradle version information cache is up-to-date. Trying to read.
2024-09-28 03:09:17,641 [Worker-7: Import Getting Started Content] INFO  o.e.m.c.i.l.LifecycleMappingFactory - Using org.eclipse.m2e.jdt.JarLifecycleMapping lifecycle mapping for MavenProject: com.employee:employee-service:0.0.1-SNAPSHOT @ C:\projects\angular\fullstack\angular-springboot-mysql\employee-service\pom.xml.
2024-09-28 03:09:18,684 [Worker-7: Import Getting Started Content] INFO  o.e.m.j.i.AbstractJavaProjectConfigurator - Adding source folder /employee-service/src/main/java
2024-09-28 03:09:18,686 [Worker-7: Import Getting Started Content] INFO  o.e.m.j.i.AbstractJavaProjectConfigurator - Adding resource folder /employee-service/src/main/resources
2024-09-28 03:09:18,690 [Worker-7: Import Getting Started Content] INFO  o.e.m.j.i.AbstractJavaProjectConfigurator - Adding resource folder /employee-service/src/main/resources
2024-09-28 03:09:18,694 [Worker-7: Import Getting Started Content] INFO  o.e.m.j.i.AbstractJavaProjectConfigurator - Adding source folder /employee-service/src/test/java
2024-09-28 03:09:18,695 [Worker-7: Import Getting Started Content] INFO  o.e.m.j.i.AbstractJavaProjectConfigurator - Adding resource folder /employee-service/src/test/resources
2024-09-28 03:09:19,289 [Worker-7: Import Getting Started Content] INFO  o.e.m.c.i.p.ProjectConfigurationManager - Imported and configured 1 project(s) in 3 sec
2024-09-28 03:09:19,293 [Worker-7: Import Getting Started Content] INFO  o.e.m.c.i.p.ProjectConfigurationManager - Update started
2024-09-28 03:09:19,616 [Worker-7: Import Getting Started Content] INFO  o.e.m.c.i.l.LifecycleMappingFactory - Using org.eclipse.m2e.jdt.JarLifecycleMapping lifecycle mapping for MavenProject: com.employee:employee-service:0.0.1-SNAPSHOT @ C:\projects\angular\fullstack\angular-springboot-mysql\employee-service\pom.xml.
2024-09-28 03:09:20,286 [Worker-7: Import Getting Started Content] INFO  o.e.m.j.i.AbstractJavaProjectConfigurator - Adding source folder /employee-service/src/main/java
2024-09-28 03:09:20,287 [Worker-7: Import Getting Started Content] INFO  o.e.m.j.i.AbstractJavaProjectConfigurator - Adding resource folder /employee-service/src/main/resources
2024-09-28 03:09:20,289 [Worker-7: Import Getting Started Content] INFO  o.e.m.j.i.AbstractJavaProjectConfigurator - Adding resource folder /employee-service/src/main/resources
2024-09-28 03:09:20,290 [Worker-7: Import Getting Started Content] INFO  o.e.m.j.i.AbstractJavaProjectConfigurator - Adding source folder /employee-service/src/test/java
2024-09-28 03:09:20,291 [Worker-7: Import Getting Started Content] INFO  o.e.m.j.i.AbstractJavaProjectConfigurator - Adding resource folder /employee-service/src/test/resources
2024-09-28 03:09:21,169 [Worker-7: Import Getting Started Content] INFO  o.e.m.c.i.p.ProjectConfigurationManager - Update completed for 1 poms: local refresh takes 0.00 sec, refresh facades takes 0.00 sec, update config takes 0.00 sec 
2024-09-28 03:09:23,108 [Worker-6: Building] INFO  o.a.m.s.f.DefaultMavenResourcesFiltering - Copying 1 resource from src\main\resources to target\classes
2024-09-28 03:09:23,138 [Worker-6: Building] INFO  o.a.m.s.f.DefaultMavenResourcesFiltering - Copying 0 resource from src\main\resources to target\classes
2024-09-28 03:09:23,145 [Worker-6: Building] INFO  o.a.m.s.f.DefaultMavenResourcesFiltering - skip non existing resourceDirectory C:\projects\angular\fullstack\angular-springboot-mysql\employee-service\src\test\resources
2024-09-28 03:10:43,433 [Worker-3: Launching Executing install in C__projects_angular_fullstack_angular-springboot-mysql_employee-service] INFO  o.eclipse.m2e.core.internal.Bundles - getClasspathEntries(Bundle=org.eclipse.m2e.maven.runtime_3.9.600.20231203-1234 [354])
2024-09-28 03:10:43,434 [Worker-3: Launching Executing install in C__projects_angular_fullstack_angular-springboot-mysql_employee-service] INFO  o.eclipse.m2e.core.internal.Bundles - 	Entry: C:\sts\sts-4.22.0.RELEASE\plugins\org.eclipse.m2e.maven.runtime_3.9.600.20231203-1234
2024-09-28 03:10:43,435 [Worker-3: Launching Executing install in C__projects_angular_fullstack_angular-springboot-mysql_employee-service] INFO  o.eclipse.m2e.core.internal.Bundles - 	Entry: C:\sts\sts-4.22.0.RELEASE\plugins\org.eclipse.m2e.maven.runtime_3.9.600.20231203-1234\jars\aopalliance-1.0.jar
2024-09-28 03:10:43,435 [Worker-3: Launching Executing install in C__projects_angular_fullstack_angular-springboot-mysql_employee-service] INFO  o.eclipse.m2e.core.internal.Bundles - 	Entry: C:\sts\sts-4.22.0.RELEASE\plugins\org.eclipse.m2e.maven.runtime_3.9.600.20231203-1234\jars\guice-5.1.0.jar
2024-09-28 03:10:43,435 [Worker-3: Launching Executing install in C__projects_angular_fullstack_angular-springboot-mysql_employee-service] INFO  o.eclipse.m2e.core.internal.Bundles - 	Entry: C:\sts\sts-4.22.0.RELEASE\plugins\org.eclipse.m2e.maven.runtime_3.9.600.20231203-1234\jars\httpclient-4.5.14.jar
2024-09-28 03:10:43,435 [Worker-3: Launching Executing install in C__projects_angular_fullstack_angular-springboot-mysql_employee-service] INFO  o.eclipse.m2e.core.internal.Bundles - 	Entry: C:\sts\sts-4.22.0.RELEASE\plugins\org.eclipse.m2e.maven.runtime_3.9.600.20231203-1234\jars\httpcore-4.4.16.jar
2024-09-28 03:10:43,435 [Worker-3: Launching Executing install in C__projects_angular_fullstack_angular-springboot-mysql_employee-service] INFO  o.eclipse.m2e.core.internal.Bundles - 	Entry: C:\sts\sts-4.22.0.RELEASE\plugins\org.eclipse.m2e.maven.runtime_3.9.600.20231203-1234\jars\jansi-2.4.0.jar
2024-09-28 03:10:43,435 [Worker-3: Launching Executing install in C__projects_angular_fullstack_angular-springboot-mysql_employee-service] INFO  o.eclipse.m2e.core.internal.Bundles - 	Entry: C:\sts\sts-4.22.0.RELEASE\plugins\org.eclipse.m2e.maven.runtime_3.9.600.20231203-1234\jars\jcl-over-slf4j-1.7.36.jar
2024-09-28 03:10:43,435 [Worker-3: Launching Executing install in C__projects_angular_fullstack_angular-springboot-mysql_employee-service] INFO  o.eclipse.m2e.core.internal.Bundles - 	Entry: C:\sts\sts-4.22.0.RELEASE\plugins\org.eclipse.m2e.maven.runtime_3.9.600.20231203-1234\jars\maven-artifact-3.9.6.jar
2024-09-28 03:10:43,435 [Worker-3: Launching Executing install in C__projects_angular_fullstack_angular-springboot-mysql_employee-service] INFO  o.eclipse.m2e.core.internal.Bundles - 	Entry: C:\sts\sts-4.22.0.RELEASE\plugins\org.eclipse.m2e.maven.runtime_3.9.600.20231203-1234\jars\maven-builder-support-3.9.6.jar
2024-09-28 03:10:43,435 [Worker-3: Launching Executing install in C__projects_angular_fullstack_angular-springboot-mysql_employee-service] INFO  o.eclipse.m2e.core.internal.Bundles - 	Entry: C:\sts\sts-4.22.0.RELEASE\plugins\org.eclipse.m2e.maven.runtime_3.9.600.20231203-1234\jars\maven-compat-3.9.6.jar
2024-09-28 03:10:43,435 [Worker-3: Launching Executing install in C__projects_angular_fullstack_angular-springboot-mysql_employee-service] INFO  o.eclipse.m2e.core.internal.Bundles - 	Entry: C:\sts\sts-4.22.0.RELEASE\plugins\org.eclipse.m2e.maven.runtime_3.9.600.20231203-1234\jars\maven-core-3.9.6.jar
2024-09-28 03:10:43,436 [Worker-3: Launching Executing install in C__projects_angular_fullstack_angular-springboot-mysql_employee-service] INFO  o.eclipse.m2e.core.internal.Bundles - 	Entry: C:\sts\sts-4.22.0.RELEASE\plugins\org.eclipse.m2e.maven.runtime_3.9.600.20231203-1234\jars\maven-embedder-3.9.6.jar
2024-09-28 03:10:43,436 [Worker-3: Launching Executing install in C__projects_angular_fullstack_angular-springboot-mysql_employee-service] INFO  o.eclipse.m2e.core.internal.Bundles - 	Entry: C:\sts\sts-4.22.0.RELEASE\plugins\org.eclipse.m2e.maven.runtime_3.9.600.20231203-1234\jars\maven-model-3.9.6.jar
2024-09-28 03:10:43,436 [Worker-3: Launching Executing install in C__projects_angular_fullstack_angular-springboot-mysql_employee-service] INFO  o.eclipse.m2e.core.internal.Bundles - 	Entry: C:\sts\sts-4.22.0.RELEASE\plugins\org.eclipse.m2e.maven.runtime_3.9.600.20231203-1234\jars\maven-model-builder-3.9.6.jar
2024-09-28 03:10:43,436 [Worker-3: Launching Executing install in C__projects_angular_fullstack_angular-springboot-mysql_employee-service] INFO  o.eclipse.m2e.core.internal.Bundles - 	Entry: C:\sts\sts-4.22.0.RELEASE\plugins\org.eclipse.m2e.maven.runtime_3.9.600.20231203-1234\jars\maven-plugin-api-3.9.6.jar
2024-09-28 03:10:43,436 [Worker-3: Launching Executing install in C__projects_angular_fullstack_angular-springboot-mysql_employee-service] INFO  o.eclipse.m2e.core.internal.Bundles - 	Entry: C:\sts\sts-4.22.0.RELEASE\plugins\org.eclipse.m2e.maven.runtime_3.9.600.20231203-1234\jars\maven-repository-metadata-3.9.6.jar
2024-09-28 03:10:43,437 [Worker-3: Launching Executing install in C__projects_angular_fullstack_angular-springboot-mysql_employee-service] INFO  o.eclipse.m2e.core.internal.Bundles - 	Entry: C:\sts\sts-4.22.0.RELEASE\plugins\org.eclipse.m2e.maven.runtime_3.9.600.20231203-1234\jars\maven-resolver-api-1.9.18.jar
2024-09-28 03:10:43,437 [Worker-3: Launching Executing install in C__projects_angular_fullstack_angular-springboot-mysql_employee-service] INFO  o.eclipse.m2e.core.internal.Bundles - 	Entry: C:\sts\sts-4.22.0.RELEASE\plugins\org.eclipse.m2e.maven.runtime_3.9.600.20231203-1234\jars\maven-resolver-connector-basic-1.9.18.jar
2024-09-28 03:10:43,437 [Worker-3: Launching Executing install in C__projects_angular_fullstack_angular-springboot-mysql_employee-service] INFO  o.eclipse.m2e.core.internal.Bundles - 	Entry: C:\sts\sts-4.22.0.RELEASE\plugins\org.eclipse.m2e.maven.runtime_3.9.600.20231203-1234\jars\maven-resolver-impl-1.9.18.jar
2024-09-28 03:10:43,437 [Worker-3: Launching Executing install in C__projects_angular_fullstack_angular-springboot-mysql_employee-service] INFO  o.eclipse.m2e.core.internal.Bundles - 	Entry: C:\sts\sts-4.22.0.RELEASE\plugins\org.eclipse.m2e.maven.runtime_3.9.600.20231203-1234\jars\maven-resolver-named-locks-1.9.18.jar
2024-09-28 03:10:43,437 [Worker-3: Launching Executing install in C__projects_angular_fullstack_angular-springboot-mysql_employee-service] INFO  o.eclipse.m2e.core.internal.Bundles - 	Entry: C:\sts\sts-4.22.0.RELEASE\plugins\org.eclipse.m2e.maven.runtime_3.9.600.20231203-1234\jars\maven-resolver-provider-3.9.6.jar
2024-09-28 03:10:43,437 [Worker-3: Launching Executing install in C__projects_angular_fullstack_angular-springboot-mysql_employee-service] INFO  o.eclipse.m2e.core.internal.Bundles - 	Entry: C:\sts\sts-4.22.0.RELEASE\plugins\org.eclipse.m2e.maven.runtime_3.9.600.20231203-1234\jars\maven-resolver-spi-1.9.18.jar
2024-09-28 03:10:43,438 [Worker-3: Launching Executing install in C__projects_angular_fullstack_angular-springboot-mysql_employee-service] INFO  o.eclipse.m2e.core.internal.Bundles - 	Entry: C:\sts\sts-4.22.0.RELEASE\plugins\org.eclipse.m2e.maven.runtime_3.9.600.20231203-1234\jars\maven-resolver-transport-file-1.9.18.jar
2024-09-28 03:10:43,438 [Worker-3: Launching Executing install in C__projects_angular_fullstack_angular-springboot-mysql_employee-service] INFO  o.eclipse.m2e.core.internal.Bundles - 	Entry: C:\sts\sts-4.22.0.RELEASE\plugins\org.eclipse.m2e.maven.runtime_3.9.600.20231203-1234\jars\maven-resolver-transport-http-1.9.18.jar
2024-09-28 03:10:43,438 [Worker-3: Launching Executing install in C__projects_angular_fullstack_angular-springboot-mysql_employee-service] INFO  o.eclipse.m2e.core.internal.Bundles - 	Entry: C:\sts\sts-4.22.0.RELEASE\plugins\org.eclipse.m2e.maven.runtime_3.9.600.20231203-1234\jars\maven-resolver-transport-wagon-1.9.18.jar
2024-09-28 03:10:43,438 [Worker-3: Launching Executing install in C__projects_angular_fullstack_angular-springboot-mysql_employee-service] INFO  o.eclipse.m2e.core.internal.Bundles - 	Entry: C:\sts\sts-4.22.0.RELEASE\plugins\org.eclipse.m2e.maven.runtime_3.9.600.20231203-1234\jars\maven-resolver-util-1.9.18.jar
2024-09-28 03:10:43,438 [Worker-3: Launching Executing install in C__projects_angular_fullstack_angular-springboot-mysql_employee-service] INFO  o.eclipse.m2e.core.internal.Bundles - 	Entry: C:\sts\sts-4.22.0.RELEASE\plugins\org.eclipse.m2e.maven.runtime_3.9.600.20231203-1234\jars\maven-settings-3.9.6.jar
2024-09-28 03:10:43,439 [Worker-3: Launching Executing install in C__projects_angular_fullstack_angular-springboot-mysql_employee-service] INFO  o.eclipse.m2e.core.internal.Bundles - 	Entry: C:\sts\sts-4.22.0.RELEASE\plugins\org.eclipse.m2e.maven.runtime_3.9.600.20231203-1234\jars\maven-settings-builder-3.9.6.jar
2024-09-28 03:10:43,439 [Worker-3: Launching Executing install in C__projects_angular_fullstack_angular-springboot-mysql_employee-service] INFO  o.eclipse.m2e.core.internal.Bundles - 	Entry: C:\sts\sts-4.22.0.RELEASE\plugins\org.eclipse.m2e.maven.runtime_3.9.600.20231203-1234\jars\maven-shared-utils-3.3.4.jar
2024-09-28 03:10:43,439 [Worker-3: Launching Executing install in C__projects_angular_fullstack_angular-springboot-mysql_employee-service] INFO  o.eclipse.m2e.core.internal.Bundles - 	Entry: C:\sts\sts-4.22.0.RELEASE\plugins\org.eclipse.m2e.maven.runtime_3.9.600.20231203-1234\jars\org.eclipse.sisu.inject-0.9.0.M2.jar
2024-09-28 03:10:43,439 [Worker-3: Launching Executing install in C__projects_angular_fullstack_angular-springboot-mysql_employee-service] INFO  o.eclipse.m2e.core.internal.Bundles - 	Entry: C:\sts\sts-4.22.0.RELEASE\plugins\org.eclipse.m2e.maven.runtime_3.9.600.20231203-1234\jars\org.eclipse.sisu.plexus-0.9.0.M2.jar
2024-09-28 03:10:43,439 [Worker-3: Launching Executing install in C__projects_angular_fullstack_angular-springboot-mysql_employee-service] INFO  o.eclipse.m2e.core.internal.Bundles - 	Entry: C:\sts\sts-4.22.0.RELEASE\plugins\org.eclipse.m2e.maven.runtime_3.9.600.20231203-1234\jars\plexus-build-api-0.0.7.jar
2024-09-28 03:10:43,440 [Worker-3: Launching Executing install in C__projects_angular_fullstack_angular-springboot-mysql_employee-service] INFO  o.eclipse.m2e.core.internal.Bundles - 	Entry: C:\sts\sts-4.22.0.RELEASE\plugins\org.eclipse.m2e.maven.runtime_3.9.600.20231203-1234\jars\plexus-cipher-2.0.jar
2024-09-28 03:10:43,440 [Worker-3: Launching Executing install in C__projects_angular_fullstack_angular-springboot-mysql_employee-service] INFO  o.eclipse.m2e.core.internal.Bundles - 	Entry: C:\sts\sts-4.22.0.RELEASE\plugins\org.eclipse.m2e.maven.runtime_3.9.600.20231203-1234\jars\plexus-classworlds-2.7.0.jar
2024-09-28 03:10:43,440 [Worker-3: Launching Executing install in C__projects_angular_fullstack_angular-springboot-mysql_employee-service] INFO  o.eclipse.m2e.core.internal.Bundles - 	Entry: C:\sts\sts-4.22.0.RELEASE\plugins\org.eclipse.m2e.maven.runtime_3.9.600.20231203-1234\jars\plexus-component-annotations-2.1.0.jar
2024-09-28 03:10:43,440 [Worker-3: Launching Executing install in C__projects_angular_fullstack_angular-springboot-mysql_employee-service] INFO  o.eclipse.m2e.core.internal.Bundles - 	Entry: C:\sts\sts-4.22.0.RELEASE\plugins\org.eclipse.m2e.maven.runtime_3.9.600.20231203-1234\jars\plexus-interpolation-1.26.jar
2024-09-28 03:10:43,440 [Worker-3: Launching Executing install in C__projects_angular_fullstack_angular-springboot-mysql_employee-service] INFO  o.eclipse.m2e.core.internal.Bundles - 	Entry: C:\sts\sts-4.22.0.RELEASE\plugins\org.eclipse.m2e.maven.runtime_3.9.600.20231203-1234\jars\plexus-sec-dispatcher-2.0.jar
2024-09-28 03:10:43,440 [Worker-3: Launching Executing install in C__projects_angular_fullstack_angular-springboot-mysql_employee-service] INFO  o.eclipse.m2e.core.internal.Bundles - 	Entry: C:\sts\sts-4.22.0.RELEASE\plugins\org.eclipse.m2e.maven.runtime_3.9.600.20231203-1234\jars\plexus-utils-3.5.1.jar
2024-09-28 03:10:43,441 [Worker-3: Launching Executing install in C__projects_angular_fullstack_angular-springboot-mysql_employee-service] INFO  o.eclipse.m2e.core.internal.Bundles - 	Entry: C:\sts\sts-4.22.0.RELEASE\plugins\org.eclipse.m2e.maven.runtime_3.9.600.20231203-1234\jars\wagon-file-3.5.3.jar
2024-09-28 03:10:43,441 [Worker-3: Launching Executing install in C__projects_angular_fullstack_angular-springboot-mysql_employee-service] INFO  o.eclipse.m2e.core.internal.Bundles - 	Entry: C:\sts\sts-4.22.0.RELEASE\plugins\org.eclipse.m2e.maven.runtime_3.9.600.20231203-1234\jars\wagon-http-3.5.3.jar
2024-09-28 03:10:43,441 [Worker-3: Launching Executing install in C__projects_angular_fullstack_angular-springboot-mysql_employee-service] INFO  o.eclipse.m2e.core.internal.Bundles - 	Entry: C:\sts\sts-4.22.0.RELEASE\plugins\org.eclipse.m2e.maven.runtime_3.9.600.20231203-1234\jars\wagon-http-shared-3.5.3.jar
2024-09-28 03:10:43,441 [Worker-3: Launching Executing install in C__projects_angular_fullstack_angular-springboot-mysql_employee-service] INFO  o.eclipse.m2e.core.internal.Bundles - 	Entry: C:\sts\sts-4.22.0.RELEASE\plugins\org.eclipse.m2e.maven.runtime_3.9.600.20231203-1234\jars\wagon-provider-api-3.5.3.jar
2024-09-28 03:10:43,442 [Worker-3: Launching Executing install in C__projects_angular_fullstack_angular-springboot-mysql_employee-service] INFO  o.eclipse.m2e.core.internal.Bundles - getClasspathEntries(Bundle=com.google.guava_33.0.0.jre [27])
2024-09-28 03:10:43,443 [Worker-3: Launching Executing install in C__projects_angular_fullstack_angular-springboot-mysql_employee-service] INFO  o.eclipse.m2e.core.internal.Bundles - 	Entry: C:\sts\sts-4.22.0.RELEASE\plugins\com.google.guava_33.0.0.jre.jar
2024-09-28 03:10:43,443 [Worker-3: Launching Executing install in C__projects_angular_fullstack_angular-springboot-mysql_employee-service] INFO  o.eclipse.m2e.core.internal.Bundles - getClasspathEntries(Bundle=slf4j.api_2.0.12 [583])
2024-09-28 03:10:43,443 [Worker-3: Launching Executing install in C__projects_angular_fullstack_angular-springboot-mysql_employee-service] INFO  o.eclipse.m2e.core.internal.Bundles - 	Entry: C:\sts\sts-4.22.0.RELEASE\plugins\slf4j.api_2.0.12.jar
2024-09-28 03:10:43,443 [Worker-3: Launching Executing install in C__projects_angular_fullstack_angular-springboot-mysql_employee-service] INFO  o.eclipse.m2e.core.internal.Bundles - getClasspathEntries(Bundle=jakarta.inject.jakarta.inject-api_1.0.5 [44])
2024-09-28 03:10:43,443 [Worker-3: Launching Executing install in C__projects_angular_fullstack_angular-springboot-mysql_employee-service] INFO  o.eclipse.m2e.core.internal.Bundles - 	Entry: C:\sts\sts-4.22.0.RELEASE\plugins\jakarta.inject.jakarta.inject-api_1.0.5.jar
2024-09-28 03:10:43,443 [Worker-3: Launching Executing install in C__projects_angular_fullstack_angular-springboot-mysql_employee-service] INFO  o.eclipse.m2e.core.internal.Bundles - getClasspathEntries(Bundle=jakarta.annotation-api_1.3.5 [40])
2024-09-28 03:10:43,443 [Worker-3: Launching Executing install in C__projects_angular_fullstack_angular-springboot-mysql_employee-service] INFO  o.eclipse.m2e.core.internal.Bundles - 	Entry: C:\sts\sts-4.22.0.RELEASE\plugins\jakarta.annotation-api_1.3.5.jar
2024-09-28 03:10:43,444 [Worker-3: Launching Executing install in C__projects_angular_fullstack_angular-springboot-mysql_employee-service] INFO  o.eclipse.m2e.core.internal.Bundles - getClasspathEntries(Bundle=org.apache.commons.cli_1.6.0 [75])
2024-09-28 03:10:43,444 [Worker-3: Launching Executing install in C__projects_angular_fullstack_angular-springboot-mysql_employee-service] INFO  o.eclipse.m2e.core.internal.Bundles - 	Entry: C:\sts\sts-4.22.0.RELEASE\plugins\org.apache.commons.cli_1.6.0.jar
2024-09-28 03:10:43,444 [Worker-3: Launching Executing install in C__projects_angular_fullstack_angular-springboot-mysql_employee-service] INFO  o.eclipse.m2e.core.internal.Bundles - getClasspathEntries(Bundle=org.apache.commons.commons-codec_1.16.0 [77])
2024-09-28 03:10:43,444 [Worker-3: Launching Executing install in C__projects_angular_fullstack_angular-springboot-mysql_employee-service] INFO  o.eclipse.m2e.core.internal.Bundles - 	Entry: C:\sts\sts-4.22.0.RELEASE\plugins\org.apache.commons.commons-codec_1.16.0.jar
2024-09-28 03:10:43,444 [Worker-3: Launching Executing install in C__projects_angular_fullstack_angular-springboot-mysql_employee-service] INFO  o.eclipse.m2e.core.internal.Bundles - getClasspathEntries(Bundle=org.apache.commons.lang3_3.14.0 [81])
2024-09-28 03:10:43,444 [Worker-3: Launching Executing install in C__projects_angular_fullstack_angular-springboot-mysql_employee-service] INFO  o.eclipse.m2e.core.internal.Bundles - 	Entry: C:\sts\sts-4.22.0.RELEASE\plugins\org.apache.commons.lang3_3.14.0.jar
2024-09-28 03:10:43,444 [Worker-3: Launching Executing install in C__projects_angular_fullstack_angular-springboot-mysql_employee-service] INFO  o.eclipse.m2e.core.internal.Bundles - getClasspathEntries(Bundle=com.google.guava.failureaccess_1.0.2 [29])
2024-09-28 03:10:43,445 [Worker-3: Launching Executing install in C__projects_angular_fullstack_angular-springboot-mysql_employee-service] INFO  o.eclipse.m2e.core.internal.Bundles - 	Entry: C:\sts\sts-4.22.0.RELEASE\plugins\com.google.guava.failureaccess_1.0.2.jar
2024-09-28 03:10:43,453 [Worker-3: Launching Executing install in C__projects_angular_fullstack_angular-springboot-mysql_employee-service] INFO  o.e.m.i.launch.MavenLaunchDelegate - Run build in "C:\projects\angular\fullstack\angular-springboot-mysql\employee-service":
2024-09-28 03:10:43,456 [Worker-3: Launching Executing install in C__projects_angular_fullstack_angular-springboot-mysql_employee-service] INFO  o.e.m.i.launch.MavenLaunchDelegate -  mvn  -Ppom.xml -B -Dstyle.color=always install
2024-09-28 03:11:03,438 [Worker-13: Building] INFO  o.a.m.s.f.DefaultMavenResourcesFiltering - Copying 1 resource from src\main\resources to target\classes
2024-09-28 03:11:03,442 [Worker-13: Building] INFO  o.a.m.s.f.DefaultMavenResourcesFiltering - Copying 0 resource from src\main\resources to target\classes
2024-09-28 03:11:03,445 [Worker-13: Building] INFO  o.a.m.s.f.DefaultMavenResourcesFiltering - skip non existing resourceDirectory C:\projects\angular\fullstack\angular-springboot-mysql\employee-service\src\test\resources
2024-09-28 03:11:08,816 [Worker-2: Launching Executing install in C__projects_angular_fullstack_angular-springboot-mysql_employee-service] INFO  o.eclipse.m2e.core.internal.Bundles - getClasspathEntries(Bundle=org.eclipse.m2e.maven.runtime_3.9.600.20231203-1234 [354])
2024-09-28 03:11:08,816 [Worker-2: Launching Executing install in C__projects_angular_fullstack_angular-springboot-mysql_employee-service] INFO  o.eclipse.m2e.core.internal.Bundles - 	Entry: C:\sts\sts-4.22.0.RELEASE\plugins\org.eclipse.m2e.maven.runtime_3.9.600.20231203-1234
2024-09-28 03:11:08,816 [Worker-2: Launching Executing install in C__projects_angular_fullstack_angular-springboot-mysql_employee-service] INFO  o.eclipse.m2e.core.internal.Bundles - 	Entry: C:\sts\sts-4.22.0.RELEASE\plugins\org.eclipse.m2e.maven.runtime_3.9.600.20231203-1234\jars\aopalliance-1.0.jar
2024-09-28 03:11:08,817 [Worker-2: Launching Executing install in C__projects_angular_fullstack_angular-springboot-mysql_employee-service] INFO  o.eclipse.m2e.core.internal.Bundles - 	Entry: C:\sts\sts-4.22.0.RELEASE\plugins\org.eclipse.m2e.maven.runtime_3.9.600.20231203-1234\jars\guice-5.1.0.jar
2024-09-28 03:11:08,817 [Worker-2: Launching Executing install in C__projects_angular_fullstack_angular-springboot-mysql_employee-service] INFO  o.eclipse.m2e.core.internal.Bundles - 	Entry: C:\sts\sts-4.22.0.RELEASE\plugins\org.eclipse.m2e.maven.runtime_3.9.600.20231203-1234\jars\httpclient-4.5.14.jar
2024-09-28 03:11:08,817 [Worker-2: Launching Executing install in C__projects_angular_fullstack_angular-springboot-mysql_employee-service] INFO  o.eclipse.m2e.core.internal.Bundles - 	Entry: C:\sts\sts-4.22.0.RELEASE\plugins\org.eclipse.m2e.maven.runtime_3.9.600.20231203-1234\jars\httpcore-4.4.16.jar
2024-09-28 03:11:08,817 [Worker-2: Launching Executing install in C__projects_angular_fullstack_angular-springboot-mysql_employee-service] INFO  o.eclipse.m2e.core.internal.Bundles - 	Entry: C:\sts\sts-4.22.0.RELEASE\plugins\org.eclipse.m2e.maven.runtime_3.9.600.20231203-1234\jars\jansi-2.4.0.jar
2024-09-28 03:11:08,817 [Worker-2: Launching Executing install in C__projects_angular_fullstack_angular-springboot-mysql_employee-service] INFO  o.eclipse.m2e.core.internal.Bundles - 	Entry: C:\sts\sts-4.22.0.RELEASE\plugins\org.eclipse.m2e.maven.runtime_3.9.600.20231203-1234\jars\jcl-over-slf4j-1.7.36.jar
2024-09-28 03:11:08,817 [Worker-2: Launching Executing install in C__projects_angular_fullstack_angular-springboot-mysql_employee-service] INFO  o.eclipse.m2e.core.internal.Bundles - 	Entry: C:\sts\sts-4.22.0.RELEASE\plugins\org.eclipse.m2e.maven.runtime_3.9.600.20231203-1234\jars\maven-artifact-3.9.6.jar
2024-09-28 03:11:08,817 [Worker-2: Launching Executing install in C__projects_angular_fullstack_angular-springboot-mysql_employee-service] INFO  o.eclipse.m2e.core.internal.Bundles - 	Entry: C:\sts\sts-4.22.0.RELEASE\plugins\org.eclipse.m2e.maven.runtime_3.9.600.20231203-1234\jars\maven-builder-support-3.9.6.jar
2024-09-28 03:11:08,818 [Worker-2: Launching Executing install in C__projects_angular_fullstack_angular-springboot-mysql_employee-service] INFO  o.eclipse.m2e.core.internal.Bundles - 	Entry: C:\sts\sts-4.22.0.RELEASE\plugins\org.eclipse.m2e.maven.runtime_3.9.600.20231203-1234\jars\maven-compat-3.9.6.jar
2024-09-28 03:11:08,818 [Worker-2: Launching Executing install in C__projects_angular_fullstack_angular-springboot-mysql_employee-service] INFO  o.eclipse.m2e.core.internal.Bundles - 	Entry: C:\sts\sts-4.22.0.RELEASE\plugins\org.eclipse.m2e.maven.runtime_3.9.600.20231203-1234\jars\maven-core-3.9.6.jar
2024-09-28 03:11:08,818 [Worker-2: Launching Executing install in C__projects_angular_fullstack_angular-springboot-mysql_employee-service] INFO  o.eclipse.m2e.core.internal.Bundles - 	Entry: C:\sts\sts-4.22.0.RELEASE\plugins\org.eclipse.m2e.maven.runtime_3.9.600.20231203-1234\jars\maven-embedder-3.9.6.jar
2024-09-28 03:11:08,818 [Worker-2: Launching Executing install in C__projects_angular_fullstack_angular-springboot-mysql_employee-service] INFO  o.eclipse.m2e.core.internal.Bundles - 	Entry: C:\sts\sts-4.22.0.RELEASE\plugins\org.eclipse.m2e.maven.runtime_3.9.600.20231203-1234\jars\maven-model-3.9.6.jar
2024-09-28 03:11:08,818 [Worker-2: Launching Executing install in C__projects_angular_fullstack_angular-springboot-mysql_employee-service] INFO  o.eclipse.m2e.core.internal.Bundles - 	Entry: C:\sts\sts-4.22.0.RELEASE\plugins\org.eclipse.m2e.maven.runtime_3.9.600.20231203-1234\jars\maven-model-builder-3.9.6.jar
2024-09-28 03:11:08,818 [Worker-2: Launching Executing install in C__projects_angular_fullstack_angular-springboot-mysql_employee-service] INFO  o.eclipse.m2e.core.internal.Bundles - 	Entry: C:\sts\sts-4.22.0.RELEASE\plugins\org.eclipse.m2e.maven.runtime_3.9.600.20231203-1234\jars\maven-plugin-api-3.9.6.jar
2024-09-28 03:11:08,818 [Worker-2: Launching Executing install in C__projects_angular_fullstack_angular-springboot-mysql_employee-service] INFO  o.eclipse.m2e.core.internal.Bundles - 	Entry: C:\sts\sts-4.22.0.RELEASE\plugins\org.eclipse.m2e.maven.runtime_3.9.600.20231203-1234\jars\maven-repository-metadata-3.9.6.jar
2024-09-28 03:11:08,819 [Worker-2: Launching Executing install in C__projects_angular_fullstack_angular-springboot-mysql_employee-service] INFO  o.eclipse.m2e.core.internal.Bundles - 	Entry: C:\sts\sts-4.22.0.RELEASE\plugins\org.eclipse.m2e.maven.runtime_3.9.600.20231203-1234\jars\maven-resolver-api-1.9.18.jar
2024-09-28 03:11:08,819 [Worker-2: Launching Executing install in C__projects_angular_fullstack_angular-springboot-mysql_employee-service] INFO  o.eclipse.m2e.core.internal.Bundles - 	Entry: C:\sts\sts-4.22.0.RELEASE\plugins\org.eclipse.m2e.maven.runtime_3.9.600.20231203-1234\jars\maven-resolver-connector-basic-1.9.18.jar
2024-09-28 03:11:08,819 [Worker-2: Launching Executing install in C__projects_angular_fullstack_angular-springboot-mysql_employee-service] INFO  o.eclipse.m2e.core.internal.Bundles - 	Entry: C:\sts\sts-4.22.0.RELEASE\plugins\org.eclipse.m2e.maven.runtime_3.9.600.20231203-1234\jars\maven-resolver-impl-1.9.18.jar
2024-09-28 03:11:08,819 [Worker-2: Launching Executing install in C__projects_angular_fullstack_angular-springboot-mysql_employee-service] INFO  o.eclipse.m2e.core.internal.Bundles - 	Entry: C:\sts\sts-4.22.0.RELEASE\plugins\org.eclipse.m2e.maven.runtime_3.9.600.20231203-1234\jars\maven-resolver-named-locks-1.9.18.jar
2024-09-28 03:11:08,819 [Worker-2: Launching Executing install in C__projects_angular_fullstack_angular-springboot-mysql_employee-service] INFO  o.eclipse.m2e.core.internal.Bundles - 	Entry: C:\sts\sts-4.22.0.RELEASE\plugins\org.eclipse.m2e.maven.runtime_3.9.600.20231203-1234\jars\maven-resolver-provider-3.9.6.jar
2024-09-28 03:11:08,820 [Worker-2: Launching Executing install in C__projects_angular_fullstack_angular-springboot-mysql_employee-service] INFO  o.eclipse.m2e.core.internal.Bundles - 	Entry: C:\sts\sts-4.22.0.RELEASE\plugins\org.eclipse.m2e.maven.runtime_3.9.600.20231203-1234\jars\maven-resolver-spi-1.9.18.jar
2024-09-28 03:11:08,820 [Worker-2: Launching Executing install in C__projects_angular_fullstack_angular-springboot-mysql_employee-service] INFO  o.eclipse.m2e.core.internal.Bundles - 	Entry: C:\sts\sts-4.22.0.RELEASE\plugins\org.eclipse.m2e.maven.runtime_3.9.600.20231203-1234\jars\maven-resolver-transport-file-1.9.18.jar
2024-09-28 03:11:08,820 [Worker-2: Launching Executing install in C__projects_angular_fullstack_angular-springboot-mysql_employee-service] INFO  o.eclipse.m2e.core.internal.Bundles - 	Entry: C:\sts\sts-4.22.0.RELEASE\plugins\org.eclipse.m2e.maven.runtime_3.9.600.20231203-1234\jars\maven-resolver-transport-http-1.9.18.jar
2024-09-28 03:11:08,820 [Worker-2: Launching Executing install in C__projects_angular_fullstack_angular-springboot-mysql_employee-service] INFO  o.eclipse.m2e.core.internal.Bundles - 	Entry: C:\sts\sts-4.22.0.RELEASE\plugins\org.eclipse.m2e.maven.runtime_3.9.600.20231203-1234\jars\maven-resolver-transport-wagon-1.9.18.jar
2024-09-28 03:11:08,820 [Worker-2: Launching Executing install in C__projects_angular_fullstack_angular-springboot-mysql_employee-service] INFO  o.eclipse.m2e.core.internal.Bundles - 	Entry: C:\sts\sts-4.22.0.RELEASE\plugins\org.eclipse.m2e.maven.runtime_3.9.600.20231203-1234\jars\maven-resolver-util-1.9.18.jar
2024-09-28 03:11:08,820 [Worker-2: Launching Executing install in C__projects_angular_fullstack_angular-springboot-mysql_employee-service] INFO  o.eclipse.m2e.core.internal.Bundles - 	Entry: C:\sts\sts-4.22.0.RELEASE\plugins\org.eclipse.m2e.maven.runtime_3.9.600.20231203-1234\jars\maven-settings-3.9.6.jar
2024-09-28 03:11:08,820 [Worker-2: Launching Executing install in C__projects_angular_fullstack_angular-springboot-mysql_employee-service] INFO  o.eclipse.m2e.core.internal.Bundles - 	Entry: C:\sts\sts-4.22.0.RELEASE\plugins\org.eclipse.m2e.maven.runtime_3.9.600.20231203-1234\jars\maven-settings-builder-3.9.6.jar
2024-09-28 03:11:08,821 [Worker-2: Launching Executing install in C__projects_angular_fullstack_angular-springboot-mysql_employee-service] INFO  o.eclipse.m2e.core.internal.Bundles - 	Entry: C:\sts\sts-4.22.0.RELEASE\plugins\org.eclipse.m2e.maven.runtime_3.9.600.20231203-1234\jars\maven-shared-utils-3.3.4.jar
2024-09-28 03:11:08,821 [Worker-2: Launching Executing install in C__projects_angular_fullstack_angular-springboot-mysql_employee-service] INFO  o.eclipse.m2e.core.internal.Bundles - 	Entry: C:\sts\sts-4.22.0.RELEASE\plugins\org.eclipse.m2e.maven.runtime_3.9.600.20231203-1234\jars\org.eclipse.sisu.inject-0.9.0.M2.jar
2024-09-28 03:11:08,821 [Worker-2: Launching Executing install in C__projects_angular_fullstack_angular-springboot-mysql_employee-service] INFO  o.eclipse.m2e.core.internal.Bundles - 	Entry: C:\sts\sts-4.22.0.RELEASE\plugins\org.eclipse.m2e.maven.runtime_3.9.600.20231203-1234\jars\org.eclipse.sisu.plexus-0.9.0.M2.jar
2024-09-28 03:11:08,821 [Worker-2: Launching Executing install in C__projects_angular_fullstack_angular-springboot-mysql_employee-service] INFO  o.eclipse.m2e.core.internal.Bundles - 	Entry: C:\sts\sts-4.22.0.RELEASE\plugins\org.eclipse.m2e.maven.runtime_3.9.600.20231203-1234\jars\plexus-build-api-0.0.7.jar
2024-09-28 03:11:08,821 [Worker-2: Launching Executing install in C__projects_angular_fullstack_angular-springboot-mysql_employee-service] INFO  o.eclipse.m2e.core.internal.Bundles - 	Entry: C:\sts\sts-4.22.0.RELEASE\plugins\org.eclipse.m2e.maven.runtime_3.9.600.20231203-1234\jars\plexus-cipher-2.0.jar
2024-09-28 03:11:08,821 [Worker-2: Launching Executing install in C__projects_angular_fullstack_angular-springboot-mysql_employee-service] INFO  o.eclipse.m2e.core.internal.Bundles - 	Entry: C:\sts\sts-4.22.0.RELEASE\plugins\org.eclipse.m2e.maven.runtime_3.9.600.20231203-1234\jars\plexus-classworlds-2.7.0.jar
2024-09-28 03:11:08,822 [Worker-2: Launching Executing install in C__projects_angular_fullstack_angular-springboot-mysql_employee-service] INFO  o.eclipse.m2e.core.internal.Bundles - 	Entry: C:\sts\sts-4.22.0.RELEASE\plugins\org.eclipse.m2e.maven.runtime_3.9.600.20231203-1234\jars\plexus-component-annotations-2.1.0.jar
2024-09-28 03:11:08,822 [Worker-2: Launching Executing install in C__projects_angular_fullstack_angular-springboot-mysql_employee-service] INFO  o.eclipse.m2e.core.internal.Bundles - 	Entry: C:\sts\sts-4.22.0.RELEASE\plugins\org.eclipse.m2e.maven.runtime_3.9.600.20231203-1234\jars\plexus-interpolation-1.26.jar
2024-09-28 03:11:08,822 [Worker-2: Launching Executing install in C__projects_angular_fullstack_angular-springboot-mysql_employee-service] INFO  o.eclipse.m2e.core.internal.Bundles - 	Entry: C:\sts\sts-4.22.0.RELEASE\plugins\org.eclipse.m2e.maven.runtime_3.9.600.20231203-1234\jars\plexus-sec-dispatcher-2.0.jar
2024-09-28 03:11:08,822 [Worker-2: Launching Executing install in C__projects_angular_fullstack_angular-springboot-mysql_employee-service] INFO  o.eclipse.m2e.core.internal.Bundles - 	Entry: C:\sts\sts-4.22.0.RELEASE\plugins\org.eclipse.m2e.maven.runtime_3.9.600.20231203-1234\jars\plexus-utils-3.5.1.jar
2024-09-28 03:11:08,822 [Worker-2: Launching Executing install in C__projects_angular_fullstack_angular-springboot-mysql_employee-service] INFO  o.eclipse.m2e.core.internal.Bundles - 	Entry: C:\sts\sts-4.22.0.RELEASE\plugins\org.eclipse.m2e.maven.runtime_3.9.600.20231203-1234\jars\wagon-file-3.5.3.jar
2024-09-28 03:11:08,822 [Worker-2: Launching Executing install in C__projects_angular_fullstack_angular-springboot-mysql_employee-service] INFO  o.eclipse.m2e.core.internal.Bundles - 	Entry: C:\sts\sts-4.22.0.RELEASE\plugins\org.eclipse.m2e.maven.runtime_3.9.600.20231203-1234\jars\wagon-http-3.5.3.jar
2024-09-28 03:11:08,822 [Worker-2: Launching Executing install in C__projects_angular_fullstack_angular-springboot-mysql_employee-service] INFO  o.eclipse.m2e.core.internal.Bundles - 	Entry: C:\sts\sts-4.22.0.RELEASE\plugins\org.eclipse.m2e.maven.runtime_3.9.600.20231203-1234\jars\wagon-http-shared-3.5.3.jar
2024-09-28 03:11:08,823 [Worker-2: Launching Executing install in C__projects_angular_fullstack_angular-springboot-mysql_employee-service] INFO  o.eclipse.m2e.core.internal.Bundles - 	Entry: C:\sts\sts-4.22.0.RELEASE\plugins\org.eclipse.m2e.maven.runtime_3.9.600.20231203-1234\jars\wagon-provider-api-3.5.3.jar
2024-09-28 03:11:08,823 [Worker-2: Launching Executing install in C__projects_angular_fullstack_angular-springboot-mysql_employee-service] INFO  o.eclipse.m2e.core.internal.Bundles - getClasspathEntries(Bundle=com.google.guava_33.0.0.jre [27])
2024-09-28 03:11:08,823 [Worker-2: Launching Executing install in C__projects_angular_fullstack_angular-springboot-mysql_employee-service] INFO  o.eclipse.m2e.core.internal.Bundles - 	Entry: C:\sts\sts-4.22.0.RELEASE\plugins\com.google.guava_33.0.0.jre.jar
2024-09-28 03:11:08,823 [Worker-2: Launching Executing install in C__projects_angular_fullstack_angular-springboot-mysql_employee-service] INFO  o.eclipse.m2e.core.internal.Bundles - getClasspathEntries(Bundle=slf4j.api_2.0.12 [583])
2024-09-28 03:11:08,823 [Worker-2: Launching Executing install in C__projects_angular_fullstack_angular-springboot-mysql_employee-service] INFO  o.eclipse.m2e.core.internal.Bundles - 	Entry: C:\sts\sts-4.22.0.RELEASE\plugins\slf4j.api_2.0.12.jar
2024-09-28 03:11:08,823 [Worker-2: Launching Executing install in C__projects_angular_fullstack_angular-springboot-mysql_employee-service] INFO  o.eclipse.m2e.core.internal.Bundles - getClasspathEntries(Bundle=jakarta.inject.jakarta.inject-api_1.0.5 [44])
2024-09-28 03:11:08,823 [Worker-2: Launching Executing install in C__projects_angular_fullstack_angular-springboot-mysql_employee-service] INFO  o.eclipse.m2e.core.internal.Bundles - 	Entry: C:\sts\sts-4.22.0.RELEASE\plugins\jakarta.inject.jakarta.inject-api_1.0.5.jar
2024-09-28 03:11:08,824 [Worker-2: Launching Executing install in C__projects_angular_fullstack_angular-springboot-mysql_employee-service] INFO  o.eclipse.m2e.core.internal.Bundles - getClasspathEntries(Bundle=jakarta.annotation-api_1.3.5 [40])
2024-09-28 03:11:08,824 [Worker-2: Launching Executing install in C__projects_angular_fullstack_angular-springboot-mysql_employee-service] INFO  o.eclipse.m2e.core.internal.Bundles - 	Entry: C:\sts\sts-4.22.0.RELEASE\plugins\jakarta.annotation-api_1.3.5.jar
2024-09-28 03:11:08,824 [Worker-2: Launching Executing install in C__projects_angular_fullstack_angular-springboot-mysql_employee-service] INFO  o.eclipse.m2e.core.internal.Bundles - getClasspathEntries(Bundle=org.apache.commons.cli_1.6.0 [75])
2024-09-28 03:11:08,824 [Worker-2: Launching Executing install in C__projects_angular_fullstack_angular-springboot-mysql_employee-service] INFO  o.eclipse.m2e.core.internal.Bundles - 	Entry: C:\sts\sts-4.22.0.RELEASE\plugins\org.apache.commons.cli_1.6.0.jar
2024-09-28 03:11:08,824 [Worker-2: Launching Executing install in C__projects_angular_fullstack_angular-springboot-mysql_employee-service] INFO  o.eclipse.m2e.core.internal.Bundles - getClasspathEntries(Bundle=org.apache.commons.commons-codec_1.16.0 [77])
2024-09-28 03:11:08,824 [Worker-2: Launching Executing install in C__projects_angular_fullstack_angular-springboot-mysql_employee-service] INFO  o.eclipse.m2e.core.internal.Bundles - 	Entry: C:\sts\sts-4.22.0.RELEASE\plugins\org.apache.commons.commons-codec_1.16.0.jar
2024-09-28 03:11:08,824 [Worker-2: Launching Executing install in C__projects_angular_fullstack_angular-springboot-mysql_employee-service] INFO  o.eclipse.m2e.core.internal.Bundles - getClasspathEntries(Bundle=org.apache.commons.lang3_3.14.0 [81])
2024-09-28 03:11:08,824 [Worker-2: Launching Executing install in C__projects_angular_fullstack_angular-springboot-mysql_employee-service] INFO  o.eclipse.m2e.core.internal.Bundles - 	Entry: C:\sts\sts-4.22.0.RELEASE\plugins\org.apache.commons.lang3_3.14.0.jar
2024-09-28 03:11:08,824 [Worker-2: Launching Executing install in C__projects_angular_fullstack_angular-springboot-mysql_employee-service] INFO  o.eclipse.m2e.core.internal.Bundles - getClasspathEntries(Bundle=com.google.guava.failureaccess_1.0.2 [29])
2024-09-28 03:11:08,825 [Worker-2: Launching Executing install in C__projects_angular_fullstack_angular-springboot-mysql_employee-service] INFO  o.eclipse.m2e.core.internal.Bundles - 	Entry: C:\sts\sts-4.22.0.RELEASE\plugins\com.google.guava.failureaccess_1.0.2.jar
2024-09-28 03:11:08,825 [Worker-2: Launching Executing install in C__projects_angular_fullstack_angular-springboot-mysql_employee-service] INFO  o.e.m.i.launch.MavenLaunchDelegate - Run build in "C:\projects\angular\fullstack\angular-springboot-mysql\employee-service":
2024-09-28 03:11:08,825 [Worker-2: Launching Executing install in C__projects_angular_fullstack_angular-springboot-mysql_employee-service] INFO  o.e.m.i.launch.MavenLaunchDelegate -  mvn  -Ppom.xml -B -Dstyle.color=always install
2024-09-28 03:14:45,673 [Worker-12: Building] INFO  o.a.m.s.f.DefaultMavenResourcesFiltering - Copying 1 resource from src\main\resources to target\classes
2024-09-28 03:14:45,680 [Worker-12: Building] INFO  o.a.m.s.f.DefaultMavenResourcesFiltering - Copying 0 resource from src\main\resources to target\classes
2024-09-28 03:14:45,682 [Worker-12: Building] INFO  o.a.m.s.f.DefaultMavenResourcesFiltering - skip non existing resourceDirectory C:\projects\angular\fullstack\angular-springboot-mysql\employee-service\src\test\resources
2024-09-28 03:14:55,653 [Worker-12: Launching Executing install in C__projects_angular_fullstack_angular-springboot-mysql_employee-service] INFO  o.eclipse.m2e.core.internal.Bundles - getClasspathEntries(Bundle=org.eclipse.m2e.maven.runtime_3.9.600.20231203-1234 [354])
2024-09-28 03:14:55,653 [Worker-12: Launching Executing install in C__projects_angular_fullstack_angular-springboot-mysql_employee-service] INFO  o.eclipse.m2e.core.internal.Bundles - 	Entry: C:\sts\sts-4.22.0.RELEASE\plugins\org.eclipse.m2e.maven.runtime_3.9.600.20231203-1234
2024-09-28 03:14:55,654 [Worker-12: Launching Executing install in C__projects_angular_fullstack_angular-springboot-mysql_employee-service] INFO  o.eclipse.m2e.core.internal.Bundles - 	Entry: C:\sts\sts-4.22.0.RELEASE\plugins\org.eclipse.m2e.maven.runtime_3.9.600.20231203-1234\jars\aopalliance-1.0.jar
2024-09-28 03:14:55,654 [Worker-12: Launching Executing install in C__projects_angular_fullstack_angular-springboot-mysql_employee-service] INFO  o.eclipse.m2e.core.internal.Bundles - 	Entry: C:\sts\sts-4.22.0.RELEASE\plugins\org.eclipse.m2e.maven.runtime_3.9.600.20231203-1234\jars\guice-5.1.0.jar
2024-09-28 03:14:55,654 [Worker-12: Launching Executing install in C__projects_angular_fullstack_angular-springboot-mysql_employee-service] INFO  o.eclipse.m2e.core.internal.Bundles - 	Entry: C:\sts\sts-4.22.0.RELEASE\plugins\org.eclipse.m2e.maven.runtime_3.9.600.20231203-1234\jars\httpclient-4.5.14.jar
2024-09-28 03:14:55,654 [Worker-12: Launching Executing install in C__projects_angular_fullstack_angular-springboot-mysql_employee-service] INFO  o.eclipse.m2e.core.internal.Bundles - 	Entry: C:\sts\sts-4.22.0.RELEASE\plugins\org.eclipse.m2e.maven.runtime_3.9.600.20231203-1234\jars\httpcore-4.4.16.jar
2024-09-28 03:14:55,654 [Worker-12: Launching Executing install in C__projects_angular_fullstack_angular-springboot-mysql_employee-service] INFO  o.eclipse.m2e.core.internal.Bundles - 	Entry: C:\sts\sts-4.22.0.RELEASE\plugins\org.eclipse.m2e.maven.runtime_3.9.600.20231203-1234\jars\jansi-2.4.0.jar
2024-09-28 03:14:55,655 [Worker-12: Launching Executing install in C__projects_angular_fullstack_angular-springboot-mysql_employee-service] INFO  o.eclipse.m2e.core.internal.Bundles - 	Entry: C:\sts\sts-4.22.0.RELEASE\plugins\org.eclipse.m2e.maven.runtime_3.9.600.20231203-1234\jars\jcl-over-slf4j-1.7.36.jar
2024-09-28 03:14:55,655 [Worker-12: Launching Executing install in C__projects_angular_fullstack_angular-springboot-mysql_employee-service] INFO  o.eclipse.m2e.core.internal.Bundles - 	Entry: C:\sts\sts-4.22.0.RELEASE\plugins\org.eclipse.m2e.maven.runtime_3.9.600.20231203-1234\jars\maven-artifact-3.9.6.jar
2024-09-28 03:14:55,655 [Worker-12: Launching Executing install in C__projects_angular_fullstack_angular-springboot-mysql_employee-service] INFO  o.eclipse.m2e.core.internal.Bundles - 	Entry: C:\sts\sts-4.22.0.RELEASE\plugins\org.eclipse.m2e.maven.runtime_3.9.600.20231203-1234\jars\maven-builder-support-3.9.6.jar
2024-09-28 03:14:55,655 [Worker-12: Launching Executing install in C__projects_angular_fullstack_angular-springboot-mysql_employee-service] INFO  o.eclipse.m2e.core.internal.Bundles - 	Entry: C:\sts\sts-4.22.0.RELEASE\plugins\org.eclipse.m2e.maven.runtime_3.9.600.20231203-1234\jars\maven-compat-3.9.6.jar
2024-09-28 03:14:55,655 [Worker-12: Launching Executing install in C__projects_angular_fullstack_angular-springboot-mysql_employee-service] INFO  o.eclipse.m2e.core.internal.Bundles - 	Entry: C:\sts\sts-4.22.0.RELEASE\plugins\org.eclipse.m2e.maven.runtime_3.9.600.20231203-1234\jars\maven-core-3.9.6.jar
2024-09-28 03:14:55,655 [Worker-12: Launching Executing install in C__projects_angular_fullstack_angular-springboot-mysql_employee-service] INFO  o.eclipse.m2e.core.internal.Bundles - 	Entry: C:\sts\sts-4.22.0.RELEASE\plugins\org.eclipse.m2e.maven.runtime_3.9.600.20231203-1234\jars\maven-embedder-3.9.6.jar
2024-09-28 03:14:55,656 [Worker-12: Launching Executing install in C__projects_angular_fullstack_angular-springboot-mysql_employee-service] INFO  o.eclipse.m2e.core.internal.Bundles - 	Entry: C:\sts\sts-4.22.0.RELEASE\plugins\org.eclipse.m2e.maven.runtime_3.9.600.20231203-1234\jars\maven-model-3.9.6.jar
2024-09-28 03:14:55,656 [Worker-12: Launching Executing install in C__projects_angular_fullstack_angular-springboot-mysql_employee-service] INFO  o.eclipse.m2e.core.internal.Bundles - 	Entry: C:\sts\sts-4.22.0.RELEASE\plugins\org.eclipse.m2e.maven.runtime_3.9.600.20231203-1234\jars\maven-model-builder-3.9.6.jar
2024-09-28 03:14:55,656 [Worker-12: Launching Executing install in C__projects_angular_fullstack_angular-springboot-mysql_employee-service] INFO  o.eclipse.m2e.core.internal.Bundles - 	Entry: C:\sts\sts-4.22.0.RELEASE\plugins\org.eclipse.m2e.maven.runtime_3.9.600.20231203-1234\jars\maven-plugin-api-3.9.6.jar
2024-09-28 03:14:55,656 [Worker-12: Launching Executing install in C__projects_angular_fullstack_angular-springboot-mysql_employee-service] INFO  o.eclipse.m2e.core.internal.Bundles - 	Entry: C:\sts\sts-4.22.0.RELEASE\plugins\org.eclipse.m2e.maven.runtime_3.9.600.20231203-1234\jars\maven-repository-metadata-3.9.6.jar
2024-09-28 03:14:55,656 [Worker-12: Launching Executing install in C__projects_angular_fullstack_angular-springboot-mysql_employee-service] INFO  o.eclipse.m2e.core.internal.Bundles - 	Entry: C:\sts\sts-4.22.0.RELEASE\plugins\org.eclipse.m2e.maven.runtime_3.9.600.20231203-1234\jars\maven-resolver-api-1.9.18.jar
2024-09-28 03:14:55,656 [Worker-12: Launching Executing install in C__projects_angular_fullstack_angular-springboot-mysql_employee-service] INFO  o.eclipse.m2e.core.internal.Bundles - 	Entry: C:\sts\sts-4.22.0.RELEASE\plugins\org.eclipse.m2e.maven.runtime_3.9.600.20231203-1234\jars\maven-resolver-connector-basic-1.9.18.jar
2024-09-28 03:14:55,656 [Worker-12: Launching Executing install in C__projects_angular_fullstack_angular-springboot-mysql_employee-service] INFO  o.eclipse.m2e.core.internal.Bundles - 	Entry: C:\sts\sts-4.22.0.RELEASE\plugins\org.eclipse.m2e.maven.runtime_3.9.600.20231203-1234\jars\maven-resolver-impl-1.9.18.jar
2024-09-28 03:14:55,657 [Worker-12: Launching Executing install in C__projects_angular_fullstack_angular-springboot-mysql_employee-service] INFO  o.eclipse.m2e.core.internal.Bundles - 	Entry: C:\sts\sts-4.22.0.RELEASE\plugins\org.eclipse.m2e.maven.runtime_3.9.600.20231203-1234\jars\maven-resolver-named-locks-1.9.18.jar
2024-09-28 03:14:55,657 [Worker-12: Launching Executing install in C__projects_angular_fullstack_angular-springboot-mysql_employee-service] INFO  o.eclipse.m2e.core.internal.Bundles - 	Entry: C:\sts\sts-4.22.0.RELEASE\plugins\org.eclipse.m2e.maven.runtime_3.9.600.20231203-1234\jars\maven-resolver-provider-3.9.6.jar
2024-09-28 03:14:55,657 [Worker-12: Launching Executing install in C__projects_angular_fullstack_angular-springboot-mysql_employee-service] INFO  o.eclipse.m2e.core.internal.Bundles - 	Entry: C:\sts\sts-4.22.0.RELEASE\plugins\org.eclipse.m2e.maven.runtime_3.9.600.20231203-1234\jars\maven-resolver-spi-1.9.18.jar
2024-09-28 03:14:55,657 [Worker-12: Launching Executing install in C__projects_angular_fullstack_angular-springboot-mysql_employee-service] INFO  o.eclipse.m2e.core.internal.Bundles - 	Entry: C:\sts\sts-4.22.0.RELEASE\plugins\org.eclipse.m2e.maven.runtime_3.9.600.20231203-1234\jars\maven-resolver-transport-file-1.9.18.jar
2024-09-28 03:14:55,657 [Worker-12: Launching Executing install in C__projects_angular_fullstack_angular-springboot-mysql_employee-service] INFO  o.eclipse.m2e.core.internal.Bundles - 	Entry: C:\sts\sts-4.22.0.RELEASE\plugins\org.eclipse.m2e.maven.runtime_3.9.600.20231203-1234\jars\maven-resolver-transport-http-1.9.18.jar
2024-09-28 03:14:55,657 [Worker-12: Launching Executing install in C__projects_angular_fullstack_angular-springboot-mysql_employee-service] INFO  o.eclipse.m2e.core.internal.Bundles - 	Entry: C:\sts\sts-4.22.0.RELEASE\plugins\org.eclipse.m2e.maven.runtime_3.9.600.20231203-1234\jars\maven-resolver-transport-wagon-1.9.18.jar
2024-09-28 03:14:55,657 [Worker-12: Launching Executing install in C__projects_angular_fullstack_angular-springboot-mysql_employee-service] INFO  o.eclipse.m2e.core.internal.Bundles - 	Entry: C:\sts\sts-4.22.0.RELEASE\plugins\org.eclipse.m2e.maven.runtime_3.9.600.20231203-1234\jars\maven-resolver-util-1.9.18.jar
2024-09-28 03:14:55,658 [Worker-12: Launching Executing install in C__projects_angular_fullstack_angular-springboot-mysql_employee-service] INFO  o.eclipse.m2e.core.internal.Bundles - 	Entry: C:\sts\sts-4.22.0.RELEASE\plugins\org.eclipse.m2e.maven.runtime_3.9.600.20231203-1234\jars\maven-settings-3.9.6.jar
2024-09-28 03:14:55,658 [Worker-12: Launching Executing install in C__projects_angular_fullstack_angular-springboot-mysql_employee-service] INFO  o.eclipse.m2e.core.internal.Bundles - 	Entry: C:\sts\sts-4.22.0.RELEASE\plugins\org.eclipse.m2e.maven.runtime_3.9.600.20231203-1234\jars\maven-settings-builder-3.9.6.jar
2024-09-28 03:14:55,658 [Worker-12: Launching Executing install in C__projects_angular_fullstack_angular-springboot-mysql_employee-service] INFO  o.eclipse.m2e.core.internal.Bundles - 	Entry: C:\sts\sts-4.22.0.RELEASE\plugins\org.eclipse.m2e.maven.runtime_3.9.600.20231203-1234\jars\maven-shared-utils-3.3.4.jar
2024-09-28 03:14:55,658 [Worker-12: Launching Executing install in C__projects_angular_fullstack_angular-springboot-mysql_employee-service] INFO  o.eclipse.m2e.core.internal.Bundles - 	Entry: C:\sts\sts-4.22.0.RELEASE\plugins\org.eclipse.m2e.maven.runtime_3.9.600.20231203-1234\jars\org.eclipse.sisu.inject-0.9.0.M2.jar
2024-09-28 03:14:55,659 [Worker-12: Launching Executing install in C__projects_angular_fullstack_angular-springboot-mysql_employee-service] INFO  o.eclipse.m2e.core.internal.Bundles - 	Entry: C:\sts\sts-4.22.0.RELEASE\plugins\org.eclipse.m2e.maven.runtime_3.9.600.20231203-1234\jars\org.eclipse.sisu.plexus-0.9.0.M2.jar
2024-09-28 03:14:55,659 [Worker-12: Launching Executing install in C__projects_angular_fullstack_angular-springboot-mysql_employee-service] INFO  o.eclipse.m2e.core.internal.Bundles - 	Entry: C:\sts\sts-4.22.0.RELEASE\plugins\org.eclipse.m2e.maven.runtime_3.9.600.20231203-1234\jars\plexus-build-api-0.0.7.jar
2024-09-28 03:14:55,659 [Worker-12: Launching Executing install in C__projects_angular_fullstack_angular-springboot-mysql_employee-service] INFO  o.eclipse.m2e.core.internal.Bundles - 	Entry: C:\sts\sts-4.22.0.RELEASE\plugins\org.eclipse.m2e.maven.runtime_3.9.600.20231203-1234\jars\plexus-cipher-2.0.jar
2024-09-28 03:14:55,659 [Worker-12: Launching Executing install in C__projects_angular_fullstack_angular-springboot-mysql_employee-service] INFO  o.eclipse.m2e.core.internal.Bundles - 	Entry: C:\sts\sts-4.22.0.RELEASE\plugins\org.eclipse.m2e.maven.runtime_3.9.600.20231203-1234\jars\plexus-classworlds-2.7.0.jar
2024-09-28 03:14:55,659 [Worker-12: Launching Executing install in C__projects_angular_fullstack_angular-springboot-mysql_employee-service] INFO  o.eclipse.m2e.core.internal.Bundles - 	Entry: C:\sts\sts-4.22.0.RELEASE\plugins\org.eclipse.m2e.maven.runtime_3.9.600.20231203-1234\jars\plexus-component-annotations-2.1.0.jar
2024-09-28 03:14:55,659 [Worker-12: Launching Executing install in C__projects_angular_fullstack_angular-springboot-mysql_employee-service] INFO  o.eclipse.m2e.core.internal.Bundles - 	Entry: C:\sts\sts-4.22.0.RELEASE\plugins\org.eclipse.m2e.maven.runtime_3.9.600.20231203-1234\jars\plexus-interpolation-1.26.jar
2024-09-28 03:14:55,660 [Worker-12: Launching Executing install in C__projects_angular_fullstack_angular-springboot-mysql_employee-service] INFO  o.eclipse.m2e.core.internal.Bundles - 	Entry: C:\sts\sts-4.22.0.RELEASE\plugins\org.eclipse.m2e.maven.runtime_3.9.600.20231203-1234\jars\plexus-sec-dispatcher-2.0.jar
2024-09-28 03:14:55,660 [Worker-12: Launching Executing install in C__projects_angular_fullstack_angular-springboot-mysql_employee-service] INFO  o.eclipse.m2e.core.internal.Bundles - 	Entry: C:\sts\sts-4.22.0.RELEASE\plugins\org.eclipse.m2e.maven.runtime_3.9.600.20231203-1234\jars\plexus-utils-3.5.1.jar
2024-09-28 03:14:55,660 [Worker-12: Launching Executing install in C__projects_angular_fullstack_angular-springboot-mysql_employee-service] INFO  o.eclipse.m2e.core.internal.Bundles - 	Entry: C:\sts\sts-4.22.0.RELEASE\plugins\org.eclipse.m2e.maven.runtime_3.9.600.20231203-1234\jars\wagon-file-3.5.3.jar
2024-09-28 03:14:55,660 [Worker-12: Launching Executing install in C__projects_angular_fullstack_angular-springboot-mysql_employee-service] INFO  o.eclipse.m2e.core.internal.Bundles - 	Entry: C:\sts\sts-4.22.0.RELEASE\plugins\org.eclipse.m2e.maven.runtime_3.9.600.20231203-1234\jars\wagon-http-3.5.3.jar
2024-09-28 03:14:55,660 [Worker-12: Launching Executing install in C__projects_angular_fullstack_angular-springboot-mysql_employee-service] INFO  o.eclipse.m2e.core.internal.Bundles - 	Entry: C:\sts\sts-4.22.0.RELEASE\plugins\org.eclipse.m2e.maven.runtime_3.9.600.20231203-1234\jars\wagon-http-shared-3.5.3.jar
2024-09-28 03:14:55,660 [Worker-12: Launching Executing install in C__projects_angular_fullstack_angular-springboot-mysql_employee-service] INFO  o.eclipse.m2e.core.internal.Bundles - 	Entry: C:\sts\sts-4.22.0.RELEASE\plugins\org.eclipse.m2e.maven.runtime_3.9.600.20231203-1234\jars\wagon-provider-api-3.5.3.jar
2024-09-28 03:14:55,661 [Worker-12: Launching Executing install in C__projects_angular_fullstack_angular-springboot-mysql_employee-service] INFO  o.eclipse.m2e.core.internal.Bundles - getClasspathEntries(Bundle=com.google.guava_33.0.0.jre [27])
2024-09-28 03:14:55,661 [Worker-12: Launching Executing install in C__projects_angular_fullstack_angular-springboot-mysql_employee-service] INFO  o.eclipse.m2e.core.internal.Bundles - 	Entry: C:\sts\sts-4.22.0.RELEASE\plugins\com.google.guava_33.0.0.jre.jar
2024-09-28 03:14:55,661 [Worker-12: Launching Executing install in C__projects_angular_fullstack_angular-springboot-mysql_employee-service] INFO  o.eclipse.m2e.core.internal.Bundles - getClasspathEntries(Bundle=slf4j.api_2.0.12 [583])
2024-09-28 03:14:55,661 [Worker-12: Launching Executing install in C__projects_angular_fullstack_angular-springboot-mysql_employee-service] INFO  o.eclipse.m2e.core.internal.Bundles - 	Entry: C:\sts\sts-4.22.0.RELEASE\plugins\slf4j.api_2.0.12.jar
2024-09-28 03:14:55,661 [Worker-12: Launching Executing install in C__projects_angular_fullstack_angular-springboot-mysql_employee-service] INFO  o.eclipse.m2e.core.internal.Bundles - getClasspathEntries(Bundle=jakarta.inject.jakarta.inject-api_1.0.5 [44])
2024-09-28 03:14:55,661 [Worker-12: Launching Executing install in C__projects_angular_fullstack_angular-springboot-mysql_employee-service] INFO  o.eclipse.m2e.core.internal.Bundles - 	Entry: C:\sts\sts-4.22.0.RELEASE\plugins\jakarta.inject.jakarta.inject-api_1.0.5.jar
2024-09-28 03:14:55,661 [Worker-12: Launching Executing install in C__projects_angular_fullstack_angular-springboot-mysql_employee-service] INFO  o.eclipse.m2e.core.internal.Bundles - getClasspathEntries(Bundle=jakarta.annotation-api_1.3.5 [40])
2024-09-28 03:14:55,661 [Worker-12: Launching Executing install in C__projects_angular_fullstack_angular-springboot-mysql_employee-service] INFO  o.eclipse.m2e.core.internal.Bundles - 	Entry: C:\sts\sts-4.22.0.RELEASE\plugins\jakarta.annotation-api_1.3.5.jar
2024-09-28 03:14:55,662 [Worker-12: Launching Executing install in C__projects_angular_fullstack_angular-springboot-mysql_employee-service] INFO  o.eclipse.m2e.core.internal.Bundles - getClasspathEntries(Bundle=org.apache.commons.cli_1.6.0 [75])
2024-09-28 03:14:55,662 [Worker-12: Launching Executing install in C__projects_angular_fullstack_angular-springboot-mysql_employee-service] INFO  o.eclipse.m2e.core.internal.Bundles - 	Entry: C:\sts\sts-4.22.0.RELEASE\plugins\org.apache.commons.cli_1.6.0.jar
2024-09-28 03:14:55,662 [Worker-12: Launching Executing install in C__projects_angular_fullstack_angular-springboot-mysql_employee-service] INFO  o.eclipse.m2e.core.internal.Bundles - getClasspathEntries(Bundle=org.apache.commons.commons-codec_1.16.0 [77])
2024-09-28 03:14:55,662 [Worker-12: Launching Executing install in C__projects_angular_fullstack_angular-springboot-mysql_employee-service] INFO  o.eclipse.m2e.core.internal.Bundles - 	Entry: C:\sts\sts-4.22.0.RELEASE\plugins\org.apache.commons.commons-codec_1.16.0.jar
2024-09-28 03:14:55,662 [Worker-12: Launching Executing install in C__projects_angular_fullstack_angular-springboot-mysql_employee-service] INFO  o.eclipse.m2e.core.internal.Bundles - getClasspathEntries(Bundle=org.apache.commons.lang3_3.14.0 [81])
2024-09-28 03:14:55,662 [Worker-12: Launching Executing install in C__projects_angular_fullstack_angular-springboot-mysql_employee-service] INFO  o.eclipse.m2e.core.internal.Bundles - 	Entry: C:\sts\sts-4.22.0.RELEASE\plugins\org.apache.commons.lang3_3.14.0.jar
2024-09-28 03:14:55,662 [Worker-12: Launching Executing install in C__projects_angular_fullstack_angular-springboot-mysql_employee-service] INFO  o.eclipse.m2e.core.internal.Bundles - getClasspathEntries(Bundle=com.google.guava.failureaccess_1.0.2 [29])
2024-09-28 03:14:55,663 [Worker-12: Launching Executing install in C__projects_angular_fullstack_angular-springboot-mysql_employee-service] INFO  o.eclipse.m2e.core.internal.Bundles - 	Entry: C:\sts\sts-4.22.0.RELEASE\plugins\com.google.guava.failureaccess_1.0.2.jar
2024-09-28 03:14:55,663 [Worker-12: Launching Executing install in C__projects_angular_fullstack_angular-springboot-mysql_employee-service] INFO  o.e.m.i.launch.MavenLaunchDelegate - Run build in "C:\projects\angular\fullstack\angular-springboot-mysql\employee-service":
2024-09-28 03:14:55,663 [Worker-12: Launching Executing install in C__projects_angular_fullstack_angular-springboot-mysql_employee-service] INFO  o.e.m.i.launch.MavenLaunchDelegate -  mvn  -Ppom.xml -B -Dstyle.color=always install
2024-09-28 03:16:05,386 [Worker-7: Building] INFO  o.a.m.s.f.DefaultMavenResourcesFiltering - Copying 1 resource from src\main\resources to target\classes
2024-09-28 03:16:05,393 [Worker-7: Building] INFO  o.a.m.s.f.DefaultMavenResourcesFiltering - Copying 0 resource from src\main\resources to target\classes
2024-09-28 03:16:05,396 [Worker-7: Building] INFO  o.a.m.s.f.DefaultMavenResourcesFiltering - skip non existing resourceDirectory C:\projects\angular\fullstack\angular-springboot-mysql\employee-service\src\test\resources
2024-09-28 03:18:20,080 [Worker-2: Building] INFO  o.a.m.s.f.DefaultMavenResourcesFiltering - Copying 1 resource from src\main\resources to target\classes
2024-09-28 03:18:20,084 [Worker-2: Building] INFO  o.a.m.s.f.DefaultMavenResourcesFiltering - Copying 0 resource from src\main\resources to target\classes
2024-09-28 03:18:20,087 [Worker-2: Building] INFO  o.a.m.s.f.DefaultMavenResourcesFiltering - skip non existing resourceDirectory C:\projects\angular\fullstack\angular-springboot-mysql\employee-service\src\test\resources
2024-09-28 03:18:31,990 [Worker-8: Building] INFO  o.a.m.s.f.DefaultMavenResourcesFiltering - Copying 1 resource from src\main\resources to target\classes
2024-09-28 03:18:32,024 [Worker-8: Building] INFO  o.a.m.s.f.DefaultMavenResourcesFiltering - Copying 0 resource from src\main\resources to target\classes
2024-09-28 03:18:32,029 [Worker-8: Building] INFO  o.a.m.s.f.DefaultMavenResourcesFiltering - skip non existing resourceDirectory C:\projects\angular\fullstack\angular-springboot-mysql\employee-service\src\test\resources
2024-09-28 03:19:05,463 [Worker-8: Building] INFO  o.a.m.s.f.DefaultMavenResourcesFiltering - Copying 1 resource from src\main\resources to target\classes
2024-09-28 03:19:05,468 [Worker-8: Building] INFO  o.a.m.s.f.DefaultMavenResourcesFiltering - Copying 0 resource from src\main\resources to target\classes
2024-09-28 03:19:05,470 [Worker-8: Building] INFO  o.a.m.s.f.DefaultMavenResourcesFiltering - skip non existing resourceDirectory C:\projects\angular\fullstack\angular-springboot-mysql\employee-service\src\test\resources
2024-09-28 03:19:20,552 [Worker-13: Building] INFO  o.a.m.s.f.DefaultMavenResourcesFiltering - Copying 1 resource from src\main\resources to target\classes
2024-09-28 03:19:20,568 [Worker-13: Building] INFO  o.a.m.s.f.DefaultMavenResourcesFiltering - Copying 0 resource from src\main\resources to target\classes
2024-09-28 03:19:20,573 [Worker-13: Building] INFO  o.a.m.s.f.DefaultMavenResourcesFiltering - skip non existing resourceDirectory C:\projects\angular\fullstack\angular-springboot-mysql\employee-service\src\test\resources
2024-09-28 03:19:51,388 [Worker-3: Building] INFO  o.a.m.s.f.DefaultMavenResourcesFiltering - Copying 1 resource from src\main\resources to target\classes
2024-09-28 03:19:51,392 [Worker-3: Building] INFO  o.a.m.s.f.DefaultMavenResourcesFiltering - Copying 0 resource from src\main\resources to target\classes
2024-09-28 03:19:51,394 [Worker-3: Building] INFO  o.a.m.s.f.DefaultMavenResourcesFiltering - skip non existing resourceDirectory C:\projects\angular\fullstack\angular-springboot-mysql\employee-service\src\test\resources
2024-09-28 03:20:02,773 [Worker-8: Building] INFO  o.a.m.s.f.DefaultMavenResourcesFiltering - Copying 1 resource from src\main\resources to target\classes
2024-09-28 03:20:02,778 [Worker-8: Building] INFO  o.a.m.s.f.DefaultMavenResourcesFiltering - Copying 0 resource from src\main\resources to target\classes
2024-09-28 03:20:02,781 [Worker-8: Building] INFO  o.a.m.s.f.DefaultMavenResourcesFiltering - skip non existing resourceDirectory C:\projects\angular\fullstack\angular-springboot-mysql\employee-service\src\test\resources
2024-09-28 03:20:26,550 [Worker-8: Building] INFO  o.a.m.s.f.DefaultMavenResourcesFiltering - Copying 1 resource from src\main\resources to target\classes
2024-09-28 03:20:26,554 [Worker-8: Building] INFO  o.a.m.s.f.DefaultMavenResourcesFiltering - Copying 0 resource from src\main\resources to target\classes
2024-09-28 03:20:26,556 [Worker-8: Building] INFO  o.a.m.s.f.DefaultMavenResourcesFiltering - skip non existing resourceDirectory C:\projects\angular\fullstack\angular-springboot-mysql\employee-service\src\test\resources
2024-09-28 03:21:20,501 [Worker-7: Building] INFO  o.a.m.s.f.DefaultMavenResourcesFiltering - Copying 1 resource from src\main\resources to target\classes
2024-09-28 03:21:20,519 [Worker-7: Building] INFO  o.a.m.s.f.DefaultMavenResourcesFiltering - Copying 0 resource from src\main\resources to target\classes
2024-09-28 03:21:20,521 [Worker-7: Building] INFO  o.a.m.s.f.DefaultMavenResourcesFiltering - skip non existing resourceDirectory C:\projects\angular\fullstack\angular-springboot-mysql\employee-service\src\test\resources
2024-09-28 03:21:38,225 [Worker-6: Building] INFO  o.a.m.s.f.DefaultMavenResourcesFiltering - Copying 1 resource from src\main\resources to target\classes
2024-09-28 03:21:38,247 [Worker-6: Building] INFO  o.a.m.s.f.DefaultMavenResourcesFiltering - Copying 0 resource from src\main\resources to target\classes
2024-09-28 03:21:38,250 [Worker-6: Building] INFO  o.a.m.s.f.DefaultMavenResourcesFiltering - skip non existing resourceDirectory C:\projects\angular\fullstack\angular-springboot-mysql\employee-service\src\test\resources
2024-09-28 03:24:07,188 [Worker-7: Building] INFO  o.a.m.s.f.DefaultMavenResourcesFiltering - Copying 1 resource from src\main\resources to target\classes
2024-09-28 03:24:07,191 [Worker-7: Building] INFO  o.a.m.s.f.DefaultMavenResourcesFiltering - Copying 0 resource from src\main\resources to target\classes
2024-09-28 03:24:07,194 [Worker-7: Building] INFO  o.a.m.s.f.DefaultMavenResourcesFiltering - skip non existing resourceDirectory C:\projects\angular\fullstack\angular-springboot-mysql\employee-service\src\test\resources
2024-09-28 03:24:42,426 [Worker-3: Building] INFO  o.a.m.s.f.DefaultMavenResourcesFiltering - Copying 1 resource from src\main\resources to target\classes
2024-09-28 03:24:42,430 [Worker-3: Building] INFO  o.a.m.s.f.DefaultMavenResourcesFiltering - Copying 0 resource from src\main\resources to target\classes
2024-09-28 03:24:42,432 [Worker-3: Building] INFO  o.a.m.s.f.DefaultMavenResourcesFiltering - skip non existing resourceDirectory C:\projects\angular\fullstack\angular-springboot-mysql\employee-service\src\test\resources
2024-09-28 03:25:13,885 [Worker-14: Building] INFO  o.a.m.s.f.DefaultMavenResourcesFiltering - Copying 1 resource from src\main\resources to target\classes
2024-09-28 03:25:13,888 [Worker-14: Building] INFO  o.a.m.s.f.DefaultMavenResourcesFiltering - Copying 0 resource from src\main\resources to target\classes
2024-09-28 03:25:13,891 [Worker-14: Building] INFO  o.a.m.s.f.DefaultMavenResourcesFiltering - skip non existing resourceDirectory C:\projects\angular\fullstack\angular-springboot-mysql\employee-service\src\test\resources
2024-09-28 03:25:49,307 [Worker-6: Building] INFO  o.a.m.s.f.DefaultMavenResourcesFiltering - Copying 1 resource from src\main\resources to target\classes
2024-09-28 03:25:49,312 [Worker-6: Building] INFO  o.a.m.s.f.DefaultMavenResourcesFiltering - Copying 0 resource from src\main\resources to target\classes
2024-09-28 03:25:49,314 [Worker-6: Building] INFO  o.a.m.s.f.DefaultMavenResourcesFiltering - skip non existing resourceDirectory C:\projects\angular\fullstack\angular-springboot-mysql\employee-service\src\test\resources
2024-09-28 03:26:07,908 [Worker-14: Building] INFO  o.a.m.s.f.DefaultMavenResourcesFiltering - Copying 1 resource from src\main\resources to target\classes
2024-09-28 03:26:07,913 [Worker-14: Building] INFO  o.a.m.s.f.DefaultMavenResourcesFiltering - Copying 0 resource from src\main\resources to target\classes
2024-09-28 03:26:07,916 [Worker-14: Building] INFO  o.a.m.s.f.DefaultMavenResourcesFiltering - skip non existing resourceDirectory C:\projects\angular\fullstack\angular-springboot-mysql\employee-service\src\test\resources
2024-09-28 03:26:52,960 [Worker-5: Building] INFO  o.a.m.s.f.DefaultMavenResourcesFiltering - Copying 1 resource from src\main\resources to target\classes
2024-09-28 03:26:52,966 [Worker-5: Building] INFO  o.a.m.s.f.DefaultMavenResourcesFiltering - Copying 0 resource from src\main\resources to target\classes
2024-09-28 03:26:52,968 [Worker-5: Building] INFO  o.a.m.s.f.DefaultMavenResourcesFiltering - skip non existing resourceDirectory C:\projects\angular\fullstack\angular-springboot-mysql\employee-service\src\test\resources
2024-09-28 03:27:23,613 [Worker-8: Building] INFO  o.a.m.s.f.DefaultMavenResourcesFiltering - Copying 1 resource from src\main\resources to target\classes
2024-09-28 03:27:23,617 [Worker-8: Building] INFO  o.a.m.s.f.DefaultMavenResourcesFiltering - Copying 0 resource from src\main\resources to target\classes
2024-09-28 03:27:23,620 [Worker-8: Building] INFO  o.a.m.s.f.DefaultMavenResourcesFiltering - skip non existing resourceDirectory C:\projects\angular\fullstack\angular-springboot-mysql\employee-service\src\test\resources
2024-09-28 03:27:42,623 [Worker-14: Building] INFO  o.a.m.s.f.DefaultMavenResourcesFiltering - Copying 1 resource from src\main\resources to target\classes
2024-09-28 03:27:42,628 [Worker-14: Building] INFO  o.a.m.s.f.DefaultMavenResourcesFiltering - Copying 0 resource from src\main\resources to target\classes
2024-09-28 03:27:42,630 [Worker-14: Building] INFO  o.a.m.s.f.DefaultMavenResourcesFiltering - skip non existing resourceDirectory C:\projects\angular\fullstack\angular-springboot-mysql\employee-service\src\test\resources
2024-09-28 03:28:06,231 [Worker-6: Building] INFO  o.a.m.s.f.DefaultMavenResourcesFiltering - Copying 1 resource from src\main\resources to target\classes
2024-09-28 03:28:06,237 [Worker-6: Building] INFO  o.a.m.s.f.DefaultMavenResourcesFiltering - Copying 0 resource from src\main\resources to target\classes
2024-09-28 03:28:06,239 [Worker-6: Building] INFO  o.a.m.s.f.DefaultMavenResourcesFiltering - skip non existing resourceDirectory C:\projects\angular\fullstack\angular-springboot-mysql\employee-service\src\test\resources
2024-09-28 03:29:17,336 [Worker-3: Building] INFO  o.a.m.s.f.DefaultMavenResourcesFiltering - Copying 1 resource from src\main\resources to target\classes
2024-09-28 03:29:17,341 [Worker-3: Building] INFO  o.a.m.s.f.DefaultMavenResourcesFiltering - Copying 0 resource from src\main\resources to target\classes
2024-09-28 03:29:17,344 [Worker-3: Building] INFO  o.a.m.s.f.DefaultMavenResourcesFiltering - skip non existing resourceDirectory C:\projects\angular\fullstack\angular-springboot-mysql\employee-service\src\test\resources
2024-09-28 03:31:48,578 [Worker-5: Building] INFO  o.a.m.s.f.DefaultMavenResourcesFiltering - Copying 1 resource from src\main\resources to target\classes
2024-09-28 03:31:48,584 [Worker-5: Building] INFO  o.a.m.s.f.DefaultMavenResourcesFiltering - Copying 0 resource from src\main\resources to target\classes
2024-09-28 03:31:48,587 [Worker-5: Building] INFO  o.a.m.s.f.DefaultMavenResourcesFiltering - skip non existing resourceDirectory C:\projects\angular\fullstack\angular-springboot-mysql\employee-service\src\test\resources
2024-09-28 03:32:21,982 [Worker-7: Building] INFO  o.a.m.s.f.DefaultMavenResourcesFiltering - Copying 1 resource from src\main\resources to target\classes
2024-09-28 03:32:21,985 [Worker-7: Building] INFO  o.a.m.s.f.DefaultMavenResourcesFiltering - Copying 0 resource from src\main\resources to target\classes
2024-09-28 03:32:21,987 [Worker-7: Building] INFO  o.a.m.s.f.DefaultMavenResourcesFiltering - skip non existing resourceDirectory C:\projects\angular\fullstack\angular-springboot-mysql\employee-service\src\test\resources
2024-09-28 03:33:01,464 [Worker-6: Building] INFO  o.a.m.s.f.DefaultMavenResourcesFiltering - Copying 1 resource from src\main\resources to target\classes
2024-09-28 03:33:01,468 [Worker-6: Building] INFO  o.a.m.s.f.DefaultMavenResourcesFiltering - Copying 0 resource from src\main\resources to target\classes
2024-09-28 03:33:01,470 [Worker-6: Building] INFO  o.a.m.s.f.DefaultMavenResourcesFiltering - skip non existing resourceDirectory C:\projects\angular\fullstack\angular-springboot-mysql\employee-service\src\test\resources
2024-09-28 03:34:32,145 [Worker-14: Building] INFO  o.a.m.s.f.DefaultMavenResourcesFiltering - Copying 1 resource from src\main\resources to target\classes
2024-09-28 03:34:32,148 [Worker-14: Building] INFO  o.a.m.s.f.DefaultMavenResourcesFiltering - Copying 0 resource from src\main\resources to target\classes
2024-09-28 03:34:32,150 [Worker-14: Building] INFO  o.a.m.s.f.DefaultMavenResourcesFiltering - skip non existing resourceDirectory C:\projects\angular\fullstack\angular-springboot-mysql\employee-service\src\test\resources
2024-09-28 03:35:17,254 [Worker-7: Building] INFO  o.a.m.s.f.DefaultMavenResourcesFiltering - Copying 1 resource from src\main\resources to target\classes
2024-09-28 03:35:17,257 [Worker-7: Building] INFO  o.a.m.s.f.DefaultMavenResourcesFiltering - Copying 0 resource from src\main\resources to target\classes
2024-09-28 03:35:17,259 [Worker-7: Building] INFO  o.a.m.s.f.DefaultMavenResourcesFiltering - skip non existing resourceDirectory C:\projects\angular\fullstack\angular-springboot-mysql\employee-service\src\test\resources
2024-09-28 03:35:33,700 [Worker-5: Building] INFO  o.a.m.s.f.DefaultMavenResourcesFiltering - Copying 1 resource from src\main\resources to target\classes
2024-09-28 03:35:33,705 [Worker-5: Building] INFO  o.a.m.s.f.DefaultMavenResourcesFiltering - Copying 0 resource from src\main\resources to target\classes
2024-09-28 03:35:33,707 [Worker-5: Building] INFO  o.a.m.s.f.DefaultMavenResourcesFiltering - skip non existing resourceDirectory C:\projects\angular\fullstack\angular-springboot-mysql\employee-service\src\test\resources
2024-09-28 03:35:46,554 [Worker-13: Launching Executing install in C__projects_angular_fullstack_angular-springboot-mysql_employee-service] INFO  o.eclipse.m2e.core.internal.Bundles - getClasspathEntries(Bundle=org.eclipse.m2e.maven.runtime_3.9.600.20231203-1234 [354])
2024-09-28 03:35:46,554 [Worker-13: Launching Executing install in C__projects_angular_fullstack_angular-springboot-mysql_employee-service] INFO  o.eclipse.m2e.core.internal.Bundles - 	Entry: C:\sts\sts-4.22.0.RELEASE\plugins\org.eclipse.m2e.maven.runtime_3.9.600.20231203-1234
2024-09-28 03:35:46,555 [Worker-13: Launching Executing install in C__projects_angular_fullstack_angular-springboot-mysql_employee-service] INFO  o.eclipse.m2e.core.internal.Bundles - 	Entry: C:\sts\sts-4.22.0.RELEASE\plugins\org.eclipse.m2e.maven.runtime_3.9.600.20231203-1234\jars\aopalliance-1.0.jar
2024-09-28 03:35:46,555 [Worker-13: Launching Executing install in C__projects_angular_fullstack_angular-springboot-mysql_employee-service] INFO  o.eclipse.m2e.core.internal.Bundles - 	Entry: C:\sts\sts-4.22.0.RELEASE\plugins\org.eclipse.m2e.maven.runtime_3.9.600.20231203-1234\jars\guice-5.1.0.jar
2024-09-28 03:35:46,555 [Worker-13: Launching Executing install in C__projects_angular_fullstack_angular-springboot-mysql_employee-service] INFO  o.eclipse.m2e.core.internal.Bundles - 	Entry: C:\sts\sts-4.22.0.RELEASE\plugins\org.eclipse.m2e.maven.runtime_3.9.600.20231203-1234\jars\httpclient-4.5.14.jar
2024-09-28 03:35:46,555 [Worker-13: Launching Executing install in C__projects_angular_fullstack_angular-springboot-mysql_employee-service] INFO  o.eclipse.m2e.core.internal.Bundles - 	Entry: C:\sts\sts-4.22.0.RELEASE\plugins\org.eclipse.m2e.maven.runtime_3.9.600.20231203-1234\jars\httpcore-4.4.16.jar
2024-09-28 03:35:46,555 [Worker-13: Launching Executing install in C__projects_angular_fullstack_angular-springboot-mysql_employee-service] INFO  o.eclipse.m2e.core.internal.Bundles - 	Entry: C:\sts\sts-4.22.0.RELEASE\plugins\org.eclipse.m2e.maven.runtime_3.9.600.20231203-1234\jars\jansi-2.4.0.jar
2024-09-28 03:35:46,555 [Worker-13: Launching Executing install in C__projects_angular_fullstack_angular-springboot-mysql_employee-service] INFO  o.eclipse.m2e.core.internal.Bundles - 	Entry: C:\sts\sts-4.22.0.RELEASE\plugins\org.eclipse.m2e.maven.runtime_3.9.600.20231203-1234\jars\jcl-over-slf4j-1.7.36.jar
2024-09-28 03:35:46,556 [Worker-13: Launching Executing install in C__projects_angular_fullstack_angular-springboot-mysql_employee-service] INFO  o.eclipse.m2e.core.internal.Bundles - 	Entry: C:\sts\sts-4.22.0.RELEASE\plugins\org.eclipse.m2e.maven.runtime_3.9.600.20231203-1234\jars\maven-artifact-3.9.6.jar
2024-09-28 03:35:46,556 [Worker-13: Launching Executing install in C__projects_angular_fullstack_angular-springboot-mysql_employee-service] INFO  o.eclipse.m2e.core.internal.Bundles - 	Entry: C:\sts\sts-4.22.0.RELEASE\plugins\org.eclipse.m2e.maven.runtime_3.9.600.20231203-1234\jars\maven-builder-support-3.9.6.jar
2024-09-28 03:35:46,556 [Worker-13: Launching Executing install in C__projects_angular_fullstack_angular-springboot-mysql_employee-service] INFO  o.eclipse.m2e.core.internal.Bundles - 	Entry: C:\sts\sts-4.22.0.RELEASE\plugins\org.eclipse.m2e.maven.runtime_3.9.600.20231203-1234\jars\maven-compat-3.9.6.jar
2024-09-28 03:35:46,556 [Worker-13: Launching Executing install in C__projects_angular_fullstack_angular-springboot-mysql_employee-service] INFO  o.eclipse.m2e.core.internal.Bundles - 	Entry: C:\sts\sts-4.22.0.RELEASE\plugins\org.eclipse.m2e.maven.runtime_3.9.600.20231203-1234\jars\maven-core-3.9.6.jar
2024-09-28 03:35:46,556 [Worker-13: Launching Executing install in C__projects_angular_fullstack_angular-springboot-mysql_employee-service] INFO  o.eclipse.m2e.core.internal.Bundles - 	Entry: C:\sts\sts-4.22.0.RELEASE\plugins\org.eclipse.m2e.maven.runtime_3.9.600.20231203-1234\jars\maven-embedder-3.9.6.jar
2024-09-28 03:35:46,556 [Worker-13: Launching Executing install in C__projects_angular_fullstack_angular-springboot-mysql_employee-service] INFO  o.eclipse.m2e.core.internal.Bundles - 	Entry: C:\sts\sts-4.22.0.RELEASE\plugins\org.eclipse.m2e.maven.runtime_3.9.600.20231203-1234\jars\maven-model-3.9.6.jar
2024-09-28 03:35:46,557 [Worker-13: Launching Executing install in C__projects_angular_fullstack_angular-springboot-mysql_employee-service] INFO  o.eclipse.m2e.core.internal.Bundles - 	Entry: C:\sts\sts-4.22.0.RELEASE\plugins\org.eclipse.m2e.maven.runtime_3.9.600.20231203-1234\jars\maven-model-builder-3.9.6.jar
2024-09-28 03:35:46,557 [Worker-13: Launching Executing install in C__projects_angular_fullstack_angular-springboot-mysql_employee-service] INFO  o.eclipse.m2e.core.internal.Bundles - 	Entry: C:\sts\sts-4.22.0.RELEASE\plugins\org.eclipse.m2e.maven.runtime_3.9.600.20231203-1234\jars\maven-plugin-api-3.9.6.jar
2024-09-28 03:35:46,557 [Worker-13: Launching Executing install in C__projects_angular_fullstack_angular-springboot-mysql_employee-service] INFO  o.eclipse.m2e.core.internal.Bundles - 	Entry: C:\sts\sts-4.22.0.RELEASE\plugins\org.eclipse.m2e.maven.runtime_3.9.600.20231203-1234\jars\maven-repository-metadata-3.9.6.jar
2024-09-28 03:35:46,557 [Worker-13: Launching Executing install in C__projects_angular_fullstack_angular-springboot-mysql_employee-service] INFO  o.eclipse.m2e.core.internal.Bundles - 	Entry: C:\sts\sts-4.22.0.RELEASE\plugins\org.eclipse.m2e.maven.runtime_3.9.600.20231203-1234\jars\maven-resolver-api-1.9.18.jar
2024-09-28 03:35:46,557 [Worker-13: Launching Executing install in C__projects_angular_fullstack_angular-springboot-mysql_employee-service] INFO  o.eclipse.m2e.core.internal.Bundles - 	Entry: C:\sts\sts-4.22.0.RELEASE\plugins\org.eclipse.m2e.maven.runtime_3.9.600.20231203-1234\jars\maven-resolver-connector-basic-1.9.18.jar
2024-09-28 03:35:46,557 [Worker-13: Launching Executing install in C__projects_angular_fullstack_angular-springboot-mysql_employee-service] INFO  o.eclipse.m2e.core.internal.Bundles - 	Entry: C:\sts\sts-4.22.0.RELEASE\plugins\org.eclipse.m2e.maven.runtime_3.9.600.20231203-1234\jars\maven-resolver-impl-1.9.18.jar
2024-09-28 03:35:46,557 [Worker-13: Launching Executing install in C__projects_angular_fullstack_angular-springboot-mysql_employee-service] INFO  o.eclipse.m2e.core.internal.Bundles - 	Entry: C:\sts\sts-4.22.0.RELEASE\plugins\org.eclipse.m2e.maven.runtime_3.9.600.20231203-1234\jars\maven-resolver-named-locks-1.9.18.jar
2024-09-28 03:35:46,558 [Worker-13: Launching Executing install in C__projects_angular_fullstack_angular-springboot-mysql_employee-service] INFO  o.eclipse.m2e.core.internal.Bundles - 	Entry: C:\sts\sts-4.22.0.RELEASE\plugins\org.eclipse.m2e.maven.runtime_3.9.600.20231203-1234\jars\maven-resolver-provider-3.9.6.jar
2024-09-28 03:35:46,558 [Worker-13: Launching Executing install in C__projects_angular_fullstack_angular-springboot-mysql_employee-service] INFO  o.eclipse.m2e.core.internal.Bundles - 	Entry: C:\sts\sts-4.22.0.RELEASE\plugins\org.eclipse.m2e.maven.runtime_3.9.600.20231203-1234\jars\maven-resolver-spi-1.9.18.jar
2024-09-28 03:35:46,558 [Worker-13: Launching Executing install in C__projects_angular_fullstack_angular-springboot-mysql_employee-service] INFO  o.eclipse.m2e.core.internal.Bundles - 	Entry: C:\sts\sts-4.22.0.RELEASE\plugins\org.eclipse.m2e.maven.runtime_3.9.600.20231203-1234\jars\maven-resolver-transport-file-1.9.18.jar
2024-09-28 03:35:46,558 [Worker-13: Launching Executing install in C__projects_angular_fullstack_angular-springboot-mysql_employee-service] INFO  o.eclipse.m2e.core.internal.Bundles - 	Entry: C:\sts\sts-4.22.0.RELEASE\plugins\org.eclipse.m2e.maven.runtime_3.9.600.20231203-1234\jars\maven-resolver-transport-http-1.9.18.jar
2024-09-28 03:35:46,558 [Worker-13: Launching Executing install in C__projects_angular_fullstack_angular-springboot-mysql_employee-service] INFO  o.eclipse.m2e.core.internal.Bundles - 	Entry: C:\sts\sts-4.22.0.RELEASE\plugins\org.eclipse.m2e.maven.runtime_3.9.600.20231203-1234\jars\maven-resolver-transport-wagon-1.9.18.jar
2024-09-28 03:35:46,558 [Worker-13: Launching Executing install in C__projects_angular_fullstack_angular-springboot-mysql_employee-service] INFO  o.eclipse.m2e.core.internal.Bundles - 	Entry: C:\sts\sts-4.22.0.RELEASE\plugins\org.eclipse.m2e.maven.runtime_3.9.600.20231203-1234\jars\maven-resolver-util-1.9.18.jar
2024-09-28 03:35:46,559 [Worker-13: Launching Executing install in C__projects_angular_fullstack_angular-springboot-mysql_employee-service] INFO  o.eclipse.m2e.core.internal.Bundles - 	Entry: C:\sts\sts-4.22.0.RELEASE\plugins\org.eclipse.m2e.maven.runtime_3.9.600.20231203-1234\jars\maven-settings-3.9.6.jar
2024-09-28 03:35:46,559 [Worker-13: Launching Executing install in C__projects_angular_fullstack_angular-springboot-mysql_employee-service] INFO  o.eclipse.m2e.core.internal.Bundles - 	Entry: C:\sts\sts-4.22.0.RELEASE\plugins\org.eclipse.m2e.maven.runtime_3.9.600.20231203-1234\jars\maven-settings-builder-3.9.6.jar
2024-09-28 03:35:46,559 [Worker-13: Launching Executing install in C__projects_angular_fullstack_angular-springboot-mysql_employee-service] INFO  o.eclipse.m2e.core.internal.Bundles - 	Entry: C:\sts\sts-4.22.0.RELEASE\plugins\org.eclipse.m2e.maven.runtime_3.9.600.20231203-1234\jars\maven-shared-utils-3.3.4.jar
2024-09-28 03:35:46,559 [Worker-13: Launching Executing install in C__projects_angular_fullstack_angular-springboot-mysql_employee-service] INFO  o.eclipse.m2e.core.internal.Bundles - 	Entry: C:\sts\sts-4.22.0.RELEASE\plugins\org.eclipse.m2e.maven.runtime_3.9.600.20231203-1234\jars\org.eclipse.sisu.inject-0.9.0.M2.jar
2024-09-28 03:35:46,559 [Worker-13: Launching Executing install in C__projects_angular_fullstack_angular-springboot-mysql_employee-service] INFO  o.eclipse.m2e.core.internal.Bundles - 	Entry: C:\sts\sts-4.22.0.RELEASE\plugins\org.eclipse.m2e.maven.runtime_3.9.600.20231203-1234\jars\org.eclipse.sisu.plexus-0.9.0.M2.jar
2024-09-28 03:35:46,559 [Worker-13: Launching Executing install in C__projects_angular_fullstack_angular-springboot-mysql_employee-service] INFO  o.eclipse.m2e.core.internal.Bundles - 	Entry: C:\sts\sts-4.22.0.RELEASE\plugins\org.eclipse.m2e.maven.runtime_3.9.600.20231203-1234\jars\plexus-build-api-0.0.7.jar
2024-09-28 03:35:46,560 [Worker-13: Launching Executing install in C__projects_angular_fullstack_angular-springboot-mysql_employee-service] INFO  o.eclipse.m2e.core.internal.Bundles - 	Entry: C:\sts\sts-4.22.0.RELEASE\plugins\org.eclipse.m2e.maven.runtime_3.9.600.20231203-1234\jars\plexus-cipher-2.0.jar
2024-09-28 03:35:46,560 [Worker-13: Launching Executing install in C__projects_angular_fullstack_angular-springboot-mysql_employee-service] INFO  o.eclipse.m2e.core.internal.Bundles - 	Entry: C:\sts\sts-4.22.0.RELEASE\plugins\org.eclipse.m2e.maven.runtime_3.9.600.20231203-1234\jars\plexus-classworlds-2.7.0.jar
2024-09-28 03:35:46,560 [Worker-13: Launching Executing install in C__projects_angular_fullstack_angular-springboot-mysql_employee-service] INFO  o.eclipse.m2e.core.internal.Bundles - 	Entry: C:\sts\sts-4.22.0.RELEASE\plugins\org.eclipse.m2e.maven.runtime_3.9.600.20231203-1234\jars\plexus-component-annotations-2.1.0.jar
2024-09-28 03:35:46,560 [Worker-13: Launching Executing install in C__projects_angular_fullstack_angular-springboot-mysql_employee-service] INFO  o.eclipse.m2e.core.internal.Bundles - 	Entry: C:\sts\sts-4.22.0.RELEASE\plugins\org.eclipse.m2e.maven.runtime_3.9.600.20231203-1234\jars\plexus-interpolation-1.26.jar
2024-09-28 03:35:46,560 [Worker-13: Launching Executing install in C__projects_angular_fullstack_angular-springboot-mysql_employee-service] INFO  o.eclipse.m2e.core.internal.Bundles - 	Entry: C:\sts\sts-4.22.0.RELEASE\plugins\org.eclipse.m2e.maven.runtime_3.9.600.20231203-1234\jars\plexus-sec-dispatcher-2.0.jar
2024-09-28 03:35:46,560 [Worker-13: Launching Executing install in C__projects_angular_fullstack_angular-springboot-mysql_employee-service] INFO  o.eclipse.m2e.core.internal.Bundles - 	Entry: C:\sts\sts-4.22.0.RELEASE\plugins\org.eclipse.m2e.maven.runtime_3.9.600.20231203-1234\jars\plexus-utils-3.5.1.jar
2024-09-28 03:35:46,560 [Worker-13: Launching Executing install in C__projects_angular_fullstack_angular-springboot-mysql_employee-service] INFO  o.eclipse.m2e.core.internal.Bundles - 	Entry: C:\sts\sts-4.22.0.RELEASE\plugins\org.eclipse.m2e.maven.runtime_3.9.600.20231203-1234\jars\wagon-file-3.5.3.jar
2024-09-28 03:35:46,561 [Worker-13: Launching Executing install in C__projects_angular_fullstack_angular-springboot-mysql_employee-service] INFO  o.eclipse.m2e.core.internal.Bundles - 	Entry: C:\sts\sts-4.22.0.RELEASE\plugins\org.eclipse.m2e.maven.runtime_3.9.600.20231203-1234\jars\wagon-http-3.5.3.jar
2024-09-28 03:35:46,561 [Worker-13: Launching Executing install in C__projects_angular_fullstack_angular-springboot-mysql_employee-service] INFO  o.eclipse.m2e.core.internal.Bundles - 	Entry: C:\sts\sts-4.22.0.RELEASE\plugins\org.eclipse.m2e.maven.runtime_3.9.600.20231203-1234\jars\wagon-http-shared-3.5.3.jar
2024-09-28 03:35:46,561 [Worker-13: Launching Executing install in C__projects_angular_fullstack_angular-springboot-mysql_employee-service] INFO  o.eclipse.m2e.core.internal.Bundles - 	Entry: C:\sts\sts-4.22.0.RELEASE\plugins\org.eclipse.m2e.maven.runtime_3.9.600.20231203-1234\jars\wagon-provider-api-3.5.3.jar
2024-09-28 03:35:46,561 [Worker-13: Launching Executing install in C__projects_angular_fullstack_angular-springboot-mysql_employee-service] INFO  o.eclipse.m2e.core.internal.Bundles - getClasspathEntries(Bundle=com.google.guava_33.0.0.jre [27])
2024-09-28 03:35:46,561 [Worker-13: Launching Executing install in C__projects_angular_fullstack_angular-springboot-mysql_employee-service] INFO  o.eclipse.m2e.core.internal.Bundles - 	Entry: C:\sts\sts-4.22.0.RELEASE\plugins\com.google.guava_33.0.0.jre.jar
2024-09-28 03:35:46,561 [Worker-13: Launching Executing install in C__projects_angular_fullstack_angular-springboot-mysql_employee-service] INFO  o.eclipse.m2e.core.internal.Bundles - getClasspathEntries(Bundle=slf4j.api_2.0.12 [583])
2024-09-28 03:35:46,562 [Worker-13: Launching Executing install in C__projects_angular_fullstack_angular-springboot-mysql_employee-service] INFO  o.eclipse.m2e.core.internal.Bundles - 	Entry: C:\sts\sts-4.22.0.RELEASE\plugins\slf4j.api_2.0.12.jar
2024-09-28 03:35:46,562 [Worker-13: Launching Executing install in C__projects_angular_fullstack_angular-springboot-mysql_employee-service] INFO  o.eclipse.m2e.core.internal.Bundles - getClasspathEntries(Bundle=jakarta.inject.jakarta.inject-api_1.0.5 [44])
2024-09-28 03:35:46,562 [Worker-13: Launching Executing install in C__projects_angular_fullstack_angular-springboot-mysql_employee-service] INFO  o.eclipse.m2e.core.internal.Bundles - 	Entry: C:\sts\sts-4.22.0.RELEASE\plugins\jakarta.inject.jakarta.inject-api_1.0.5.jar
2024-09-28 03:35:46,562 [Worker-13: Launching Executing install in C__projects_angular_fullstack_angular-springboot-mysql_employee-service] INFO  o.eclipse.m2e.core.internal.Bundles - getClasspathEntries(Bundle=jakarta.annotation-api_1.3.5 [40])
2024-09-28 03:35:46,562 [Worker-13: Launching Executing install in C__projects_angular_fullstack_angular-springboot-mysql_employee-service] INFO  o.eclipse.m2e.core.internal.Bundles - 	Entry: C:\sts\sts-4.22.0.RELEASE\plugins\jakarta.annotation-api_1.3.5.jar
2024-09-28 03:35:46,562 [Worker-13: Launching Executing install in C__projects_angular_fullstack_angular-springboot-mysql_employee-service] INFO  o.eclipse.m2e.core.internal.Bundles - getClasspathEntries(Bundle=org.apache.commons.cli_1.6.0 [75])
2024-09-28 03:35:46,562 [Worker-13: Launching Executing install in C__projects_angular_fullstack_angular-springboot-mysql_employee-service] INFO  o.eclipse.m2e.core.internal.Bundles - 	Entry: C:\sts\sts-4.22.0.RELEASE\plugins\org.apache.commons.cli_1.6.0.jar
2024-09-28 03:35:46,562 [Worker-13: Launching Executing install in C__projects_angular_fullstack_angular-springboot-mysql_employee-service] INFO  o.eclipse.m2e.core.internal.Bundles - getClasspathEntries(Bundle=org.apache.commons.commons-codec_1.16.0 [77])
2024-09-28 03:35:46,563 [Worker-13: Launching Executing install in C__projects_angular_fullstack_angular-springboot-mysql_employee-service] INFO  o.eclipse.m2e.core.internal.Bundles - 	Entry: C:\sts\sts-4.22.0.RELEASE\plugins\org.apache.commons.commons-codec_1.16.0.jar
2024-09-28 03:35:46,563 [Worker-13: Launching Executing install in C__projects_angular_fullstack_angular-springboot-mysql_employee-service] INFO  o.eclipse.m2e.core.internal.Bundles - getClasspathEntries(Bundle=org.apache.commons.lang3_3.14.0 [81])
2024-09-28 03:35:46,563 [Worker-13: Launching Executing install in C__projects_angular_fullstack_angular-springboot-mysql_employee-service] INFO  o.eclipse.m2e.core.internal.Bundles - 	Entry: C:\sts\sts-4.22.0.RELEASE\plugins\org.apache.commons.lang3_3.14.0.jar
2024-09-28 03:35:46,563 [Worker-13: Launching Executing install in C__projects_angular_fullstack_angular-springboot-mysql_employee-service] INFO  o.eclipse.m2e.core.internal.Bundles - getClasspathEntries(Bundle=com.google.guava.failureaccess_1.0.2 [29])
2024-09-28 03:35:46,563 [Worker-13: Launching Executing install in C__projects_angular_fullstack_angular-springboot-mysql_employee-service] INFO  o.eclipse.m2e.core.internal.Bundles - 	Entry: C:\sts\sts-4.22.0.RELEASE\plugins\com.google.guava.failureaccess_1.0.2.jar
2024-09-28 03:35:46,564 [Worker-13: Launching Executing install in C__projects_angular_fullstack_angular-springboot-mysql_employee-service] INFO  o.e.m.i.launch.MavenLaunchDelegate - Run build in "C:\projects\angular\fullstack\angular-springboot-mysql\employee-service":
2024-09-28 03:35:46,564 [Worker-13: Launching Executing install in C__projects_angular_fullstack_angular-springboot-mysql_employee-service] INFO  o.e.m.i.launch.MavenLaunchDelegate -  mvn  -Ppom.xml -B -Dstyle.color=always install
